2023-03-07 11:51:30.2340|0|INFO|CRUD_Example.WEB_API|Log |url: |action: |Program.<Main>$
2023-03-07 11:51:30.9493|0|INFO|Microsoft.Hosting.Lifetime|Application started. Press Ctrl+C to shut down. |url: |action: |Microsoft.Extensions.Hosting.Internal.ConsoleLifetime.OnApplicationStarted
2023-03-07 11:51:30.9732|0|INFO|Microsoft.Hosting.Lifetime|Hosting environment: Development |url: |action: |Microsoft.Extensions.Hosting.Internal.ConsoleLifetime.OnApplicationStarted
2023-03-07 11:51:30.9732|0|INFO|Microsoft.Hosting.Lifetime|Content root path: D:\codes\C#\TPr\ASP.NET_CRUD_Example\CRUD_Example_BACKEND |url: |action: |Microsoft.Extensions.Hosting.Internal.ApplicationLifetime.NotifyStarted
2023-03-07 11:53:27.8280|0|INFO|CRUD_Example.WEB_API|Log |url: |action: |Program.<Main>$
2023-03-07 11:53:28.5338|0|INFO|Microsoft.Hosting.Lifetime|Application started. Press Ctrl+C to shut down. |url: |action: |Microsoft.Extensions.Hosting.Internal.ConsoleLifetime.OnApplicationStarted
2023-03-07 11:53:28.5493|0|INFO|Microsoft.Hosting.Lifetime|Hosting environment: Development |url: |action: |Microsoft.Extensions.Hosting.Internal.ConsoleLifetime.OnApplicationStarted
2023-03-07 11:53:28.5493|0|INFO|Microsoft.Hosting.Lifetime|Content root path: D:\codes\C#\TPr\ASP.NET_CRUD_Example\CRUD_Example_BACKEND |url: |action: |Microsoft.Extensions.Hosting.Internal.ApplicationLifetime.NotifyStarted
2023-03-07 11:53:44.2986|0|INFO|CRUD_Example.Data.PostgreeSQL.Services.SurveyService|(S): Response has been sent(GetByIdMethod) |url: https://localhost/api/Survey/get-by-id|action: GetById|CRUD_Example.Data.PostgreeSQL.Services.SurveyService.GetById
2023-03-07 12:32:52.0467|0|INFO|CRUD_Example.WEB_API|Log |url: |action: |Program.<Main>$
2023-03-07 12:32:53.0014|0|INFO|Microsoft.Hosting.Lifetime|Application started. Press Ctrl+C to shut down. |url: |action: |Microsoft.Extensions.Hosting.Internal.ConsoleLifetime.OnApplicationStarted
2023-03-07 12:32:53.0256|0|INFO|Microsoft.Hosting.Lifetime|Hosting environment: Development |url: |action: |Microsoft.Extensions.Hosting.Internal.ConsoleLifetime.OnApplicationStarted
2023-03-07 12:32:53.0263|0|INFO|Microsoft.Hosting.Lifetime|Content root path: D:\codes\C#\TPr\ASP.NET_CRUD_Example\CRUD_Example_BACKEND |url: |action: |Microsoft.Extensions.Hosting.Internal.ApplicationLifetime.NotifyStarted
2023-03-07 12:33:05.4505|0|INFO|CRUD_Example.Data.PostgreeSQL.Services.SurveyService|(S): Response has been sent(GetByIdMethod) |url: https://localhost/api/Survey/get-by-id|action: GetById|CRUD_Example.Data.PostgreeSQL.Services.SurveyService.GetById
2023-03-07 12:34:06.7182|0|INFO|CRUD_Example.WEB_API|Log |url: |action: |Program.<Main>$
2023-03-07 12:34:07.3462|0|INFO|Microsoft.Hosting.Lifetime|Application started. Press Ctrl+C to shut down. |url: |action: |Microsoft.Extensions.Hosting.Internal.ConsoleLifetime.OnApplicationStarted
2023-03-07 12:34:07.3743|0|INFO|Microsoft.Hosting.Lifetime|Hosting environment: Development |url: |action: |Microsoft.Extensions.Hosting.Internal.ConsoleLifetime.OnApplicationStarted
2023-03-07 12:34:07.3743|0|INFO|Microsoft.Hosting.Lifetime|Content root path: D:\codes\C#\TPr\ASP.NET_CRUD_Example\CRUD_Example_BACKEND |url: |action: |Microsoft.Extensions.Hosting.Internal.ApplicationLifetime.NotifyStarted
2023-03-07 12:34:20.8098|0|INFO|CRUD_Example.Data.PostgreeSQL.Services.SurveyService|(S): Response has been sent(GetByIdMethod) |url: https://localhost/api/Survey/get-by-id|action: GetById|CRUD_Example.Data.PostgreeSQL.Services.SurveyService.GetById
2023-03-07 12:39:04.5033|0|INFO|CRUD_Example.WEB_API|Log |url: |action: |Program.<Main>$
2023-03-07 12:39:05.1516|0|INFO|Microsoft.Hosting.Lifetime|Application started. Press Ctrl+C to shut down. |url: |action: |Microsoft.Extensions.Hosting.Internal.ConsoleLifetime.OnApplicationStarted
2023-03-07 12:39:05.1732|0|INFO|Microsoft.Hosting.Lifetime|Hosting environment: Development |url: |action: |Microsoft.Extensions.Hosting.Internal.ConsoleLifetime.OnApplicationStarted
2023-03-07 12:39:05.1732|0|INFO|Microsoft.Hosting.Lifetime|Content root path: D:\codes\C#\TPr\ASP.NET_CRUD_Example\CRUD_Example_BACKEND |url: |action: |Microsoft.Extensions.Hosting.Internal.ApplicationLifetime.NotifyStarted
2023-03-07 12:39:22.2871|0|INFO|CRUD_Example.Data.PostgreeSQL.Services.SurveyService|(S): Response has been sent(GetByIdMethod) |url: https://localhost/api/Survey/get-by-id|action: GetById|CRUD_Example.Data.PostgreeSQL.Services.SurveyService.GetById
2023-03-07 12:40:18.0101|0|INFO|CRUD_Example.WEB_API|Log |url: |action: |Program.<Main>$
2023-03-07 12:40:18.7020|0|INFO|Microsoft.Hosting.Lifetime|Application started. Press Ctrl+C to shut down. |url: |action: |Microsoft.Extensions.Hosting.Internal.ConsoleLifetime.OnApplicationStarted
2023-03-07 12:40:18.7239|0|INFO|Microsoft.Hosting.Lifetime|Hosting environment: Development |url: |action: |Microsoft.Extensions.Hosting.Internal.ConsoleLifetime.OnApplicationStarted
2023-03-07 12:40:18.7239|0|INFO|Microsoft.Hosting.Lifetime|Content root path: D:\codes\C#\TPr\ASP.NET_CRUD_Example\CRUD_Example_BACKEND |url: |action: |Microsoft.Extensions.Hosting.Internal.ApplicationLifetime.NotifyStarted
2023-03-07 12:40:27.3410|0|INFO|CRUD_Example.Data.PostgreeSQL.Services.SurveyService|(S): Response has been sent(GetByIdMethod) |url: https://localhost/api/Survey/get-by-id|action: GetById|CRUD_Example.Data.PostgreeSQL.Services.SurveyService.GetById
2023-03-07 12:50:24.2863|0|INFO|CRUD_Example.WEB_API|Log |url: |action: |Program.<Main>$
2023-03-07 12:50:25.0198|0|INFO|Microsoft.Hosting.Lifetime|Application started. Press Ctrl+C to shut down. |url: |action: |Microsoft.Extensions.Hosting.Internal.ConsoleLifetime.OnApplicationStarted
2023-03-07 12:50:25.0387|0|INFO|Microsoft.Hosting.Lifetime|Hosting environment: Development |url: |action: |Microsoft.Extensions.Hosting.Internal.ConsoleLifetime.OnApplicationStarted
2023-03-07 12:50:25.0387|0|INFO|Microsoft.Hosting.Lifetime|Content root path: D:\codes\C#\TPr\ASP.NET_CRUD_Example\CRUD_Example_BACKEND |url: |action: |Microsoft.Extensions.Hosting.Internal.ApplicationLifetime.NotifyStarted
2023-03-07 12:50:59.3218|0|INFO|CRUD_Example.WEB_API|Log |url: |action: |Program.<Main>$
2023-03-07 12:50:59.9529|0|INFO|Microsoft.Hosting.Lifetime|Application started. Press Ctrl+C to shut down. |url: |action: |Microsoft.Extensions.Hosting.Internal.ConsoleLifetime.OnApplicationStarted
2023-03-07 12:50:59.9779|0|INFO|Microsoft.Hosting.Lifetime|Hosting environment: Development |url: |action: |Microsoft.Extensions.Hosting.Internal.ConsoleLifetime.OnApplicationStarted
2023-03-07 12:50:59.9779|0|INFO|Microsoft.Hosting.Lifetime|Content root path: D:\codes\C#\TPr\ASP.NET_CRUD_Example\CRUD_Example_BACKEND |url: |action: |Microsoft.Extensions.Hosting.Internal.ApplicationLifetime.NotifyStarted
2023-03-07 12:51:19.3245|0|INFO|CRUD_Example.Data.PostgreeSQL.Services.SurveyService|(S): Response has been sent (AddEntity method) |url: https://localhost/api/Survey/add-entity|action: AddEntity|CRUD_Example.Data.PostgreeSQL.Services.SurveyService.AddEntity
2023-03-07 12:51:39.1137|0|INFO|CRUD_Example.Data.PostgreeSQL.Services.SurveyService|(S): Response has been sent (GetAllMethod) |url: https://localhost/api/Survey/get-all|action: GetAll|CRUD_Example.Data.PostgreeSQL.Services.SurveyService.GetAll
2023-03-07 12:54:38.3971|0|INFO|CRUD_Example.Data.PostgreeSQL.Services.SurveyService|(S): Response has been sent (AddEntity method) |url: https://localhost/api/Survey/add-entity|action: AddEntity|CRUD_Example.Data.PostgreeSQL.Services.SurveyService.AddEntity
2023-03-07 12:54:55.8258|0|INFO|CRUD_Example.Data.PostgreeSQL.Services.SurveyService|(S): Response has been sent (GetAllMethod) |url: https://localhost/api/Survey/get-all|action: GetAll|CRUD_Example.Data.PostgreeSQL.Services.SurveyService.GetAll
2023-03-07 14:34:49.3750|0|INFO|CRUD_Example.WEB_API|Log |url: |action: |Program.<Main>$
2023-03-07 14:34:51.1491|0|INFO|Microsoft.Hosting.Lifetime|Application started. Press Ctrl+C to shut down. |url: |action: |Microsoft.Extensions.Hosting.Internal.ConsoleLifetime.OnApplicationStarted
2023-03-07 14:34:51.1818|0|INFO|Microsoft.Hosting.Lifetime|Hosting environment: Development |url: |action: |Microsoft.Extensions.Hosting.Internal.ConsoleLifetime.OnApplicationStarted
2023-03-07 14:34:51.1963|0|INFO|Microsoft.Hosting.Lifetime|Content root path: D:\codes\C#\TPr\ASP.NET_CRUD_Example\CRUD_Example_BACKEND |url: |action: |Microsoft.Extensions.Hosting.Internal.ApplicationLifetime.NotifyStarted
2023-03-07 14:35:02.8765|0|INFO|CRUD_Example.Data.PostgreeSQL.Services.SurveyService|(S): Response has been sent(GetByIdMethod) |url: https://localhost/api/Survey/get-by-id|action: GetById|CRUD_Example.Data.PostgreeSQL.Services.SurveyService.GetById
2023-03-07 16:56:02.3468|0|INFO|CRUD_Example.Data.PostgreeSQL.Services.SurveyService|(S): Response has been sent (GetAllMethod) |url: https://localhost/api/Survey/get-all|action: GetAll|CRUD_Example.Data.PostgreeSQL.Services.SurveyService.GetAll
2023-03-07 16:56:02.9062|0|INFO|CRUD_Example.Data.PostgreeSQL.Services.SurveyService|(S): Response has been sent (GetAllMethod) |url: https://localhost/api/Survey/get-all|action: GetAll|CRUD_Example.Data.PostgreeSQL.Services.SurveyService.GetAll
2023-03-07 16:56:12.6912|0|INFO|CRUD_Example.Data.PostgreeSQL.Services.SurveyService|(S): Response has been sent (GetAllMethod) |url: https://localhost/api/Survey/get-all|action: GetAll|CRUD_Example.Data.PostgreeSQL.Services.SurveyService.GetAll
2023-03-07 16:56:12.7048|0|INFO|CRUD_Example.Data.PostgreeSQL.Services.SurveyService|(S): Response has been sent (GetAllMethod) |url: https://localhost/api/Survey/get-all|action: GetAll|CRUD_Example.Data.PostgreeSQL.Services.SurveyService.GetAll
2023-03-07 16:56:15.4809|0|INFO|CRUD_Example.Data.PostgreeSQL.Services.SurveyService|(S): Response has been sent (GetAllMethod) |url: https://localhost/api/Survey/get-all|action: GetAll|CRUD_Example.Data.PostgreeSQL.Services.SurveyService.GetAll
2023-03-07 16:56:15.4993|0|INFO|CRUD_Example.Data.PostgreeSQL.Services.SurveyService|(S): Response has been sent (GetAllMethod) |url: https://localhost/api/Survey/get-all|action: GetAll|CRUD_Example.Data.PostgreeSQL.Services.SurveyService.GetAll
2023-03-07 16:56:18.0789|0|INFO|CRUD_Example.Data.PostgreeSQL.Services.SurveyService|(S): Response has been sent (GetAllMethod) |url: https://localhost/api/Survey/get-all|action: GetAll|CRUD_Example.Data.PostgreeSQL.Services.SurveyService.GetAll
2023-03-07 16:56:18.0789|0|INFO|CRUD_Example.Data.PostgreeSQL.Services.SurveyService|(S): Response has been sent (GetAllMethod) |url: https://localhost/api/Survey/get-all|action: GetAll|CRUD_Example.Data.PostgreeSQL.Services.SurveyService.GetAll
2023-03-07 17:01:04.9532|0|INFO|CRUD_Example.Data.PostgreeSQL.Services.SurveyService|(S): Response has been sent (GetAllMethod) |url: https://localhost/api/Survey/get-all|action: GetAll|CRUD_Example.Data.PostgreeSQL.Services.SurveyService.GetAll
2023-03-07 17:01:05.2337|0|INFO|CRUD_Example.Data.PostgreeSQL.Services.SurveyService|(S): Response has been sent (GetAllMethod) |url: https://localhost/api/Survey/get-all|action: GetAll|CRUD_Example.Data.PostgreeSQL.Services.SurveyService.GetAll
2023-03-07 17:02:23.6043|0|INFO|CRUD_Example.Data.PostgreeSQL.Services.SurveyService|(S): Response has been sent (GetAllMethod) |url: https://localhost/api/Survey/get-all|action: GetAll|CRUD_Example.Data.PostgreeSQL.Services.SurveyService.GetAll
2023-03-07 17:02:23.6374|0|INFO|CRUD_Example.Data.PostgreeSQL.Services.SurveyService|(S): Response has been sent (GetAllMethod) |url: https://localhost/api/Survey/get-all|action: GetAll|CRUD_Example.Data.PostgreeSQL.Services.SurveyService.GetAll
2023-03-07 17:02:31.8854|0|INFO|CRUD_Example.Data.PostgreeSQL.Services.SurveyService|(S): Response has been sent (GetAllMethod) |url: https://localhost/api/Survey/get-all|action: GetAll|CRUD_Example.Data.PostgreeSQL.Services.SurveyService.GetAll
2023-03-07 17:02:31.8925|0|INFO|CRUD_Example.Data.PostgreeSQL.Services.SurveyService|(S): Response has been sent (GetAllMethod) |url: https://localhost/api/Survey/get-all|action: GetAll|CRUD_Example.Data.PostgreeSQL.Services.SurveyService.GetAll
2023-03-07 17:11:24.5430|0|INFO|CRUD_Example.Data.PostgreeSQL.Services.SurveyService|(S): Response has been sent (GetAllMethod) |url: https://localhost/api/Survey/get-all|action: GetAll|CRUD_Example.Data.PostgreeSQL.Services.SurveyService.GetAll
2023-03-07 17:11:24.6514|0|INFO|CRUD_Example.Data.PostgreeSQL.Services.SurveyService|(S): Response has been sent (GetAllMethod) |url: https://localhost/api/Survey/get-all|action: GetAll|CRUD_Example.Data.PostgreeSQL.Services.SurveyService.GetAll
2023-03-07 17:16:03.6956|0|INFO|CRUD_Example.Data.PostgreeSQL.Services.SurveyService|(S): Response has been sent (GetAllMethod) |url: https://localhost/api/Survey/get-all|action: GetAll|CRUD_Example.Data.PostgreeSQL.Services.SurveyService.GetAll
2023-03-07 17:16:03.7610|0|INFO|CRUD_Example.Data.PostgreeSQL.Services.SurveyService|(S): Response has been sent (GetAllMethod) |url: https://localhost/api/Survey/get-all|action: GetAll|CRUD_Example.Data.PostgreeSQL.Services.SurveyService.GetAll
2023-03-07 17:16:38.6149|0|INFO|CRUD_Example.Data.PostgreeSQL.Services.SurveyService|(S): Response has been sent (GetAllMethod) |url: https://localhost/api/Survey/get-all|action: GetAll|CRUD_Example.Data.PostgreeSQL.Services.SurveyService.GetAll
2023-03-07 17:16:38.7671|0|INFO|CRUD_Example.Data.PostgreeSQL.Services.SurveyService|(S): Response has been sent (GetAllMethod) |url: https://localhost/api/Survey/get-all|action: GetAll|CRUD_Example.Data.PostgreeSQL.Services.SurveyService.GetAll
2023-03-07 17:21:38.6232|0|INFO|CRUD_Example.Data.PostgreeSQL.Services.SurveyService|(S): Response has been sent(GetByIdMethod) |url: https://localhost/api/Survey/get-by-id|action: GetById|CRUD_Example.Data.PostgreeSQL.Services.SurveyService.GetById
2023-03-07 17:21:38.7148|0|INFO|CRUD_Example.Data.PostgreeSQL.Services.SurveyService|(S): Response has been sent(GetByIdMethod) |url: https://localhost/api/Survey/get-by-id|action: GetById|CRUD_Example.Data.PostgreeSQL.Services.SurveyService.GetById
2023-03-07 17:21:46.9181|0|INFO|CRUD_Example.Data.PostgreeSQL.Services.SurveyService|(S): Response has been sent (GetAllMethod) |url: https://localhost/api/Survey/get-all|action: GetAll|CRUD_Example.Data.PostgreeSQL.Services.SurveyService.GetAll
2023-03-07 17:21:47.0432|0|INFO|CRUD_Example.Data.PostgreeSQL.Services.SurveyService|(S): Response has been sent (GetAllMethod) |url: https://localhost/api/Survey/get-all|action: GetAll|CRUD_Example.Data.PostgreeSQL.Services.SurveyService.GetAll
2023-03-07 17:21:48.8823|0|INFO|CRUD_Example.Data.PostgreeSQL.Services.SurveyService|(S): Response has been sent(GetByIdMethod) |url: https://localhost/api/Survey/get-by-id|action: GetById|CRUD_Example.Data.PostgreeSQL.Services.SurveyService.GetById
2023-03-07 17:21:48.8884|0|INFO|CRUD_Example.Data.PostgreeSQL.Services.SurveyService|(S): Response has been sent(GetByIdMethod) |url: https://localhost/api/Survey/get-by-id|action: GetById|CRUD_Example.Data.PostgreeSQL.Services.SurveyService.GetById
2023-03-07 17:21:56.0583|0|INFO|CRUD_Example.Data.PostgreeSQL.Services.SurveyService|(S): Response has been sent (GetAllMethod) |url: https://localhost/api/Survey/get-all|action: GetAll|CRUD_Example.Data.PostgreeSQL.Services.SurveyService.GetAll
2023-03-07 17:21:56.0694|0|INFO|CRUD_Example.Data.PostgreeSQL.Services.SurveyService|(S): Response has been sent (GetAllMethod) |url: https://localhost/api/Survey/get-all|action: GetAll|CRUD_Example.Data.PostgreeSQL.Services.SurveyService.GetAll
2023-03-07 17:21:58.3452|0|INFO|CRUD_Example.Data.PostgreeSQL.Services.SurveyService|(S): Response has been sent(GetByIdMethod) |url: https://localhost/api/Survey/get-by-id|action: GetById|CRUD_Example.Data.PostgreeSQL.Services.SurveyService.GetById
2023-03-07 17:21:58.4021|0|INFO|CRUD_Example.Data.PostgreeSQL.Services.SurveyService|(S): Response has been sent(GetByIdMethod) |url: https://localhost/api/Survey/get-by-id|action: GetById|CRUD_Example.Data.PostgreeSQL.Services.SurveyService.GetById
2023-03-07 17:23:06.9329|0|INFO|CRUD_Example.Data.PostgreeSQL.Services.SurveyService|(S): Response has been sent(GetByIdMethod) |url: https://localhost/api/Survey/get-by-id|action: GetById|CRUD_Example.Data.PostgreeSQL.Services.SurveyService.GetById
2023-03-07 17:23:06.9948|0|INFO|CRUD_Example.Data.PostgreeSQL.Services.SurveyService|(S): Response has been sent(GetByIdMethod) |url: https://localhost/api/Survey/get-by-id|action: GetById|CRUD_Example.Data.PostgreeSQL.Services.SurveyService.GetById
2023-03-07 17:23:21.5614|0|INFO|CRUD_Example.Data.PostgreeSQL.Services.SurveyService|(S): Response has been sent(GetByIdMethod) |url: https://localhost/api/Survey/get-by-id|action: GetById|CRUD_Example.Data.PostgreeSQL.Services.SurveyService.GetById
2023-03-07 17:23:27.5622|0|INFO|CRUD_Example.Data.PostgreeSQL.Services.SurveyService|(S): Response has been sent(GetByIdMethod) |url: https://localhost/api/Survey/get-by-id|action: GetById|CRUD_Example.Data.PostgreeSQL.Services.SurveyService.GetById
2023-03-07 17:24:00.0973|0|INFO|CRUD_Example.Data.PostgreeSQL.Services.SurveyService|(S): Response has been sent(GetByIdMethod) |url: https://localhost/api/Survey/get-by-id|action: GetById|CRUD_Example.Data.PostgreeSQL.Services.SurveyService.GetById
2023-03-07 17:24:03.2808|0|INFO|CRUD_Example.Data.PostgreeSQL.Services.SurveyService|(S): Response has been sent(GetByIdMethod) |url: https://localhost/api/Survey/get-by-id|action: GetById|CRUD_Example.Data.PostgreeSQL.Services.SurveyService.GetById
2023-03-07 17:27:00.2568|0|INFO|CRUD_Example.Data.PostgreeSQL.Services.SurveyService|(S): Response has been sent(GetByIdMethod) |url: https://localhost/api/Survey/get-by-id|action: GetById|CRUD_Example.Data.PostgreeSQL.Services.SurveyService.GetById
2023-03-07 17:27:00.4023|0|INFO|CRUD_Example.Data.PostgreeSQL.Services.SurveyService|(S): Response has been sent(GetByIdMethod) |url: https://localhost/api/Survey/get-by-id|action: GetById|CRUD_Example.Data.PostgreeSQL.Services.SurveyService.GetById
2023-03-07 17:43:42.3262|0|INFO|CRUD_Example.WEB_API|Log |url: |action: |Program.<Main>$
2023-03-07 17:43:43.0707|0|INFO|Microsoft.Hosting.Lifetime|Application started. Press Ctrl+C to shut down. |url: |action: |Microsoft.Extensions.Hosting.Internal.ConsoleLifetime.OnApplicationStarted
2023-03-07 17:43:43.0870|0|INFO|Microsoft.Hosting.Lifetime|Hosting environment: Development |url: |action: |Microsoft.Extensions.Hosting.Internal.ConsoleLifetime.OnApplicationStarted
2023-03-07 17:43:43.0870|0|INFO|Microsoft.Hosting.Lifetime|Content root path: D:\codes\C#\TPr\ASP.NET_CRUD_Example\CRUD_Example_BACKEND |url: |action: |Microsoft.Extensions.Hosting.Internal.ApplicationLifetime.NotifyStarted
2023-03-07 17:43:54.2294|0|INFO|CRUD_Example.Data.PostgreeSQL.Services.SurveyService|(S): Response has been sent(GetByIdMethod) |url: https://localhost/api/Survey/get-by-id|action: GetById|CRUD_Example.Data.PostgreeSQL.Services.SurveyService.GetById
2023-03-07 17:44:07.6692|0|INFO|CRUD_Example.Data.PostgreeSQL.Services.SurveyService|(S): Response has been sent(GetByIdMethod) |url: https://localhost/api/Survey/get-by-id|action: GetById|CRUD_Example.Data.PostgreeSQL.Services.SurveyService.GetById
2023-03-07 17:44:13.4339|0|INFO|CRUD_Example.Data.PostgreeSQL.Services.SurveyService|
(E): Empty value of ID in GetById method
 |url: https://localhost/api/Survey/get-by-id|action: GetById|CRUD_Example.Data.PostgreeSQL.Services.SurveyService.GetById
2023-03-07 17:53:56.1417|0|INFO|CRUD_Example.Data.PostgreeSQL.Services.SurveyService|(S): Response has been sent(GetByIdMethod) |url: https://localhost/api/Survey/get-by-id|action: GetById|CRUD_Example.Data.PostgreeSQL.Services.SurveyService.GetById
2023-03-07 17:53:56.4176|0|INFO|CRUD_Example.Data.PostgreeSQL.Services.SurveyService|(S): Response has been sent(GetByIdMethod) |url: https://localhost/api/Survey/get-by-id|action: GetById|CRUD_Example.Data.PostgreeSQL.Services.SurveyService.GetById
2023-03-07 17:53:58.0469|0|INFO|CRUD_Example.Data.PostgreeSQL.Services.SurveyService|(S): Response has been sent (GetAllMethod) |url: https://localhost/api/Survey/get-all|action: GetAll|CRUD_Example.Data.PostgreeSQL.Services.SurveyService.GetAll
2023-03-07 17:53:58.0648|0|INFO|CRUD_Example.Data.PostgreeSQL.Services.SurveyService|(S): Response has been sent (GetAllMethod) |url: https://localhost/api/Survey/get-all|action: GetAll|CRUD_Example.Data.PostgreeSQL.Services.SurveyService.GetAll
2023-03-07 17:54:49.1408|0|INFO|CRUD_Example.Data.PostgreeSQL.Services.SurveyService|
(E): Empty value of ID in GetById method
 |url: https://localhost/api/Survey/get-by-id|action: GetById|CRUD_Example.Data.PostgreeSQL.Services.SurveyService.GetById
2023-03-07 18:03:42.2451|0|INFO|CRUD_Example.Data.PostgreeSQL.Services.SurveyService|(S): Response has been sent(GetByIdMethod) |url: https://localhost/api/Survey/get-by-id|action: GetById|CRUD_Example.Data.PostgreeSQL.Services.SurveyService.GetById
2023-03-07 18:03:42.4323|0|INFO|CRUD_Example.Data.PostgreeSQL.Services.SurveyService|(S): Response has been sent(GetByIdMethod) |url: https://localhost/api/Survey/get-by-id|action: GetById|CRUD_Example.Data.PostgreeSQL.Services.SurveyService.GetById
2023-03-07 18:04:18.7308|0|INFO|CRUD_Example.Data.PostgreeSQL.Services.SurveyService|(S): Response has been sent (GetAllMethod) |url: https://localhost/api/Survey/get-all|action: GetAll|CRUD_Example.Data.PostgreeSQL.Services.SurveyService.GetAll
2023-03-07 18:04:18.8074|0|INFO|CRUD_Example.Data.PostgreeSQL.Services.SurveyService|(S): Response has been sent (GetAllMethod) |url: https://localhost/api/Survey/get-all|action: GetAll|CRUD_Example.Data.PostgreeSQL.Services.SurveyService.GetAll
2023-03-07 18:04:26.9242|0|INFO|CRUD_Example.Data.PostgreeSQL.Services.SurveyService|(S): Response has been sent (GetAllMethod) |url: https://localhost/api/Survey/get-all|action: GetAll|CRUD_Example.Data.PostgreeSQL.Services.SurveyService.GetAll
2023-03-07 18:04:26.9562|0|INFO|CRUD_Example.Data.PostgreeSQL.Services.SurveyService|(S): Response has been sent (GetAllMethod) |url: https://localhost/api/Survey/get-all|action: GetAll|CRUD_Example.Data.PostgreeSQL.Services.SurveyService.GetAll
2023-03-07 18:05:02.0214|0|INFO|CRUD_Example.Data.PostgreeSQL.Services.SurveyService|(S): Response has been sent (GetAllMethod) |url: https://localhost/api/Survey/get-all|action: GetAll|CRUD_Example.Data.PostgreeSQL.Services.SurveyService.GetAll
2023-03-07 18:05:02.0425|0|INFO|CRUD_Example.Data.PostgreeSQL.Services.SurveyService|(S): Response has been sent (GetAllMethod) |url: https://localhost/api/Survey/get-all|action: GetAll|CRUD_Example.Data.PostgreeSQL.Services.SurveyService.GetAll
2023-03-07 18:06:15.7675|0|INFO|CRUD_Example.Data.PostgreeSQL.Services.SurveyService|
(E): Empty value of ID in GetById method
 |url: https://localhost/api/Survey/get-by-id|action: GetById|CRUD_Example.Data.PostgreeSQL.Services.SurveyService.GetById
2023-03-07 18:06:27.9655|0|INFO|CRUD_Example.Data.PostgreeSQL.Services.SurveyService|(S): Response has been sent(GetByIdMethod) |url: https://localhost/api/Survey/get-by-id|action: GetById|CRUD_Example.Data.PostgreeSQL.Services.SurveyService.GetById
2023-03-07 18:09:16.2005|0|INFO|CRUD_Example.Data.PostgreeSQL.Services.SurveyService|(S): Response has been sent(GetByIdMethod) |url: https://localhost/api/Survey/get-by-id|action: GetById|CRUD_Example.Data.PostgreeSQL.Services.SurveyService.GetById
2023-03-07 18:09:16.3867|0|INFO|CRUD_Example.Data.PostgreeSQL.Services.SurveyService|(S): Response has been sent(GetByIdMethod) |url: https://localhost/api/Survey/get-by-id|action: GetById|CRUD_Example.Data.PostgreeSQL.Services.SurveyService.GetById
2023-03-07 18:10:00.9201|0|INFO|CRUD_Example.Data.PostgreeSQL.Services.SurveyService|(S): Response has been sent (GetAllMethod) |url: https://localhost/api/Survey/get-all|action: GetAll|CRUD_Example.Data.PostgreeSQL.Services.SurveyService.GetAll
2023-03-07 18:10:00.9673|0|INFO|CRUD_Example.Data.PostgreeSQL.Services.SurveyService|(S): Response has been sent (GetAllMethod) |url: https://localhost/api/Survey/get-all|action: GetAll|CRUD_Example.Data.PostgreeSQL.Services.SurveyService.GetAll
2023-03-07 18:11:46.1411|0|INFO|CRUD_Example.Data.PostgreeSQL.Services.SurveyService|(S): Response has been sent(GetByIdMethod) |url: https://localhost/api/Survey/get-by-id|action: GetById|CRUD_Example.Data.PostgreeSQL.Services.SurveyService.GetById
2023-03-07 18:11:46.1668|0|INFO|CRUD_Example.Data.PostgreeSQL.Services.SurveyService|(S): Response has been sent(GetByIdMethod) |url: https://localhost/api/Survey/get-by-id|action: GetById|CRUD_Example.Data.PostgreeSQL.Services.SurveyService.GetById
2023-03-07 18:12:25.0212|0|INFO|CRUD_Example.Data.PostgreeSQL.Services.SurveyService|(S): Response has been sent (GetAllMethod) |url: https://localhost/api/Survey/get-all|action: GetAll|CRUD_Example.Data.PostgreeSQL.Services.SurveyService.GetAll
2023-03-07 18:12:25.0421|0|INFO|CRUD_Example.Data.PostgreeSQL.Services.SurveyService|(S): Response has been sent (GetAllMethod) |url: https://localhost/api/Survey/get-all|action: GetAll|CRUD_Example.Data.PostgreeSQL.Services.SurveyService.GetAll
2023-03-07 18:12:26.7400|0|INFO|CRUD_Example.Data.PostgreeSQL.Services.SurveyService|(S): Response has been sent(GetByIdMethod) |url: https://localhost/api/Survey/get-by-id|action: GetById|CRUD_Example.Data.PostgreeSQL.Services.SurveyService.GetById
2023-03-07 18:12:26.7447|0|INFO|CRUD_Example.Data.PostgreeSQL.Services.SurveyService|(S): Response has been sent(GetByIdMethod) |url: https://localhost/api/Survey/get-by-id|action: GetById|CRUD_Example.Data.PostgreeSQL.Services.SurveyService.GetById
2023-03-07 18:13:28.9290|0|INFO|CRUD_Example.Data.PostgreeSQL.Services.SurveyService|(S): Response has been sent(GetByIdMethod) |url: https://localhost/api/Survey/get-by-id|action: GetById|CRUD_Example.Data.PostgreeSQL.Services.SurveyService.GetById
2023-03-07 18:13:28.9661|0|INFO|CRUD_Example.Data.PostgreeSQL.Services.SurveyService|(S): Response has been sent(GetByIdMethod) |url: https://localhost/api/Survey/get-by-id|action: GetById|CRUD_Example.Data.PostgreeSQL.Services.SurveyService.GetById
2023-03-07 19:13:24.4696|0|INFO|CRUD_Example.WEB_API|Log |url: |action: |Program.<Main>$
2023-03-07 19:13:25.0323|0|INFO|Microsoft.Hosting.Lifetime|Application started. Press Ctrl+C to shut down. |url: |action: |Microsoft.Extensions.Hosting.Internal.ConsoleLifetime.OnApplicationStarted
2023-03-07 19:13:25.0567|0|INFO|Microsoft.Hosting.Lifetime|Hosting environment: Development |url: |action: |Microsoft.Extensions.Hosting.Internal.ConsoleLifetime.OnApplicationStarted
2023-03-07 19:13:25.0567|0|INFO|Microsoft.Hosting.Lifetime|Content root path: D:\codes\C#\TPr\ASP.NET_CRUD_Example\CRUD_Example_BACKEND |url: |action: |Microsoft.Extensions.Hosting.Internal.ApplicationLifetime.NotifyStarted
2023-03-07 19:13:41.2518|0|INFO|CRUD_Example.Data.PostgreeSQL.Services.SurveyService|(S): Response has been sent(GetByIdMethod) |url: https://localhost/api/Survey/get-by-id/1|action: GetById|CRUD_Example.Data.PostgreeSQL.Services.SurveyService.GetById
2023-03-07 19:15:46.4770|0|INFO|CRUD_Example.Data.PostgreeSQL.Services.SurveyService|(S): Response has been sent (GetAllMethod) |url: https://localhost/api/Survey/get-all|action: GetAll|CRUD_Example.Data.PostgreeSQL.Services.SurveyService.GetAll
2023-03-07 19:15:46.5748|0|INFO|CRUD_Example.Data.PostgreeSQL.Services.SurveyService|(S): Response has been sent (GetAllMethod) |url: https://localhost/api/Survey/get-all|action: GetAll|CRUD_Example.Data.PostgreeSQL.Services.SurveyService.GetAll
2023-03-07 19:15:53.7788|0|INFO|CRUD_Example.Data.PostgreeSQL.Services.SurveyService|(S): Response has been sent (GetAllMethod) |url: https://localhost/api/Survey/get-all|action: GetAll|CRUD_Example.Data.PostgreeSQL.Services.SurveyService.GetAll
2023-03-07 19:15:53.7924|0|INFO|CRUD_Example.Data.PostgreeSQL.Services.SurveyService|(S): Response has been sent (GetAllMethod) |url: https://localhost/api/Survey/get-all|action: GetAll|CRUD_Example.Data.PostgreeSQL.Services.SurveyService.GetAll
2023-03-07 19:18:16.1236|0|INFO|CRUD_Example.Data.PostgreeSQL.Services.SurveyService|(S): Response has been sent (GetAllMethod) |url: https://localhost/api/Survey/get-all|action: GetAll|CRUD_Example.Data.PostgreeSQL.Services.SurveyService.GetAll
2023-03-07 19:18:16.1510|0|INFO|CRUD_Example.Data.PostgreeSQL.Services.SurveyService|(S): Response has been sent (GetAllMethod) |url: https://localhost/api/Survey/get-all|action: GetAll|CRUD_Example.Data.PostgreeSQL.Services.SurveyService.GetAll
2023-03-07 19:18:33.3597|0|INFO|CRUD_Example.Data.PostgreeSQL.Services.SurveyService|(S): Response has been sent (GetAllMethod) |url: https://localhost/api/Survey/get-all|action: GetAll|CRUD_Example.Data.PostgreeSQL.Services.SurveyService.GetAll
2023-03-07 19:18:33.3704|0|INFO|CRUD_Example.Data.PostgreeSQL.Services.SurveyService|(S): Response has been sent (GetAllMethod) |url: https://localhost/api/Survey/get-all|action: GetAll|CRUD_Example.Data.PostgreeSQL.Services.SurveyService.GetAll
2023-03-07 19:18:34.6230|0|INFO|CRUD_Example.Data.PostgreeSQL.Services.SurveyService|(S): Response has been sent(GetByIdMethod) |url: https://localhost/api/Survey/get-by-id/1|action: GetById|CRUD_Example.Data.PostgreeSQL.Services.SurveyService.GetById
2023-03-07 19:18:34.6230|0|INFO|CRUD_Example.Data.PostgreeSQL.Services.SurveyService|(S): Response has been sent(GetByIdMethod) |url: https://localhost/api/Survey/get-by-id/1|action: GetById|CRUD_Example.Data.PostgreeSQL.Services.SurveyService.GetById
2023-03-07 19:19:10.7102|0|INFO|CRUD_Example.Data.PostgreeSQL.Services.SurveyService|(S): Response has been sent (GetAllMethod) |url: https://localhost/api/Survey/get-all|action: GetAll|CRUD_Example.Data.PostgreeSQL.Services.SurveyService.GetAll
2023-03-07 19:19:10.8461|0|INFO|CRUD_Example.Data.PostgreeSQL.Services.SurveyService|(S): Response has been sent (GetAllMethod) |url: https://localhost/api/Survey/get-all|action: GetAll|CRUD_Example.Data.PostgreeSQL.Services.SurveyService.GetAll
2023-03-07 19:19:12.9108|0|INFO|CRUD_Example.Data.PostgreeSQL.Services.SurveyService|(S): Response has been sent(GetByIdMethod) |url: https://localhost/api/Survey/get-by-id/1|action: GetById|CRUD_Example.Data.PostgreeSQL.Services.SurveyService.GetById
2023-03-07 19:19:12.9183|0|INFO|CRUD_Example.Data.PostgreeSQL.Services.SurveyService|(S): Response has been sent(GetByIdMethod) |url: https://localhost/api/Survey/get-by-id/1|action: GetById|CRUD_Example.Data.PostgreeSQL.Services.SurveyService.GetById
2023-03-07 19:20:09.3942|0|INFO|CRUD_Example.Data.PostgreeSQL.Services.SurveyService|(S): Response has been sent(GetByIdMethod) |url: https://localhost/api/Survey/get-by-id/1|action: GetById|CRUD_Example.Data.PostgreeSQL.Services.SurveyService.GetById
2023-03-07 19:21:05.5987|0|INFO|CRUD_Example.Data.PostgreeSQL.Services.SurveyService|(S): Response has been sent (GetAllMethod) |url: https://localhost/api/Survey/get-all|action: GetAll|CRUD_Example.Data.PostgreeSQL.Services.SurveyService.GetAll
2023-03-07 19:21:05.6256|0|INFO|CRUD_Example.Data.PostgreeSQL.Services.SurveyService|(S): Response has been sent (GetAllMethod) |url: https://localhost/api/Survey/get-all|action: GetAll|CRUD_Example.Data.PostgreeSQL.Services.SurveyService.GetAll
2023-03-07 19:21:32.3950|0|INFO|CRUD_Example.Data.PostgreeSQL.Services.SurveyService|(S): Response has been sent(GetByIdMethod) |url: https://localhost/api/Survey/get-by-id/1|action: GetById|CRUD_Example.Data.PostgreeSQL.Services.SurveyService.GetById
2023-03-07 19:21:32.4182|0|INFO|CRUD_Example.Data.PostgreeSQL.Services.SurveyService|(S): Response has been sent(GetByIdMethod) |url: https://localhost/api/Survey/get-by-id/1|action: GetById|CRUD_Example.Data.PostgreeSQL.Services.SurveyService.GetById
2023-03-07 19:29:55.2611|0|INFO|CRUD_Example.Data.PostgreeSQL.Services.SurveyService|(S): Response has been sent (GetAllMethod) |url: https://localhost/api/Survey/get-all|action: GetAll|CRUD_Example.Data.PostgreeSQL.Services.SurveyService.GetAll
2023-03-07 19:29:55.4492|0|INFO|CRUD_Example.Data.PostgreeSQL.Services.SurveyService|(S): Response has been sent (GetAllMethod) |url: https://localhost/api/Survey/get-all|action: GetAll|CRUD_Example.Data.PostgreeSQL.Services.SurveyService.GetAll
2023-03-07 19:35:38.8803|0|INFO|CRUD_Example.Data.PostgreeSQL.Services.SurveyService|(S): Response has been sent(GetByIdMethod) |url: https://localhost/api/Survey/get-by-id/12|action: GetById|CRUD_Example.Data.PostgreeSQL.Services.SurveyService.GetById
2023-03-07 19:43:13.2749|0|INFO|CRUD_Example.Data.PostgreeSQL.Services.SurveyService|(S): Response has been sent(GetByIdMethod) |url: https://localhost/api/Survey/get-by-id/12|action: GetById|CRUD_Example.Data.PostgreeSQL.Services.SurveyService.GetById
2023-03-07 19:46:35.6519|0|INFO|CRUD_Example.Data.PostgreeSQL.Services.SurveyService|(S): Response has been sent (GetAllMethod) |url: https://localhost/api/Survey/get-all|action: GetAll|CRUD_Example.Data.PostgreeSQL.Services.SurveyService.GetAll
2023-03-07 19:46:43.0652|0|INFO|CRUD_Example.Data.PostgreeSQL.Services.SurveyService|(S): Response has been sent (GetAllMethod) |url: https://localhost/api/Survey/get-all|action: GetAll|CRUD_Example.Data.PostgreeSQL.Services.SurveyService.GetAll
2023-03-07 19:46:55.1902|0|INFO|CRUD_Example.Data.PostgreeSQL.Services.SurveyService|(S): Response has been sent(GetByIdMethod) |url: https://localhost/api/Survey/get-by-id/1|action: GetById|CRUD_Example.Data.PostgreeSQL.Services.SurveyService.GetById
2023-03-07 19:47:05.8291|0|INFO|CRUD_Example.Data.PostgreeSQL.Services.SurveyService|(S): Response has been sent(GetByIdMethod) |url: https://localhost/api/Survey/get-by-id/1|action: GetById|CRUD_Example.Data.PostgreeSQL.Services.SurveyService.GetById
2023-03-07 19:47:32.3253|0|INFO|CRUD_Example.Data.PostgreeSQL.Services.SurveyService|(S): Response has been sent(GetByIdMethod) |url: https://localhost/api/Survey/get-by-id/15|action: GetById|CRUD_Example.Data.PostgreeSQL.Services.SurveyService.GetById
2023-03-07 19:47:32.3401|0|INFO|CRUD_Example.Data.PostgreeSQL.Services.SurveyService|(S): Response has been sent(GetByIdMethod) |url: https://localhost/api/Survey/get-by-id/15|action: GetById|CRUD_Example.Data.PostgreeSQL.Services.SurveyService.GetById
2023-03-07 19:47:47.3093|0|INFO|CRUD_Example.WEB_API|Log |url: |action: |Program.<Main>$
2023-03-07 19:47:47.8893|0|INFO|Microsoft.Hosting.Lifetime|Application started. Press Ctrl+C to shut down. |url: |action: |Microsoft.Extensions.Hosting.Internal.ConsoleLifetime.OnApplicationStarted
2023-03-07 19:47:47.9164|0|INFO|Microsoft.Hosting.Lifetime|Hosting environment: Development |url: |action: |Microsoft.Extensions.Hosting.Internal.ConsoleLifetime.OnApplicationStarted
2023-03-07 19:47:47.9164|0|INFO|Microsoft.Hosting.Lifetime|Content root path: D:\codes\C#\TPr\ASP.NET_CRUD_Example\CRUD_Example_BACKEND |url: |action: |Microsoft.Extensions.Hosting.Internal.ApplicationLifetime.NotifyStarted
2023-03-07 19:48:05.5175|0|INFO|CRUD_Example.Data.PostgreeSQL.Services.SurveyService|(S): Response has been sent(GetByIdMethod) |url: https://localhost/api/Survey/get-by-id/15|action: GetById|CRUD_Example.Data.PostgreeSQL.Services.SurveyService.GetById
2023-03-07 19:48:07.4983|0|INFO|CRUD_Example.Data.PostgreeSQL.Services.SurveyService|(S): Response has been sent(GetByIdMethod) |url: https://localhost/api/Survey/get-by-id/15|action: GetById|CRUD_Example.Data.PostgreeSQL.Services.SurveyService.GetById
2023-03-07 19:51:28.9070|0|INFO|CRUD_Example.Data.PostgreeSQL.Services.SurveyService|(S): Response has been sent(GetByIdMethod) |url: https://localhost/api/Survey/get-by-id/15|action: GetById|CRUD_Example.Data.PostgreeSQL.Services.SurveyService.GetById
2023-03-07 19:51:29.1093|0|INFO|CRUD_Example.Data.PostgreeSQL.Services.SurveyService|(S): Response has been sent(GetByIdMethod) |url: https://localhost/api/Survey/get-by-id/15|action: GetById|CRUD_Example.Data.PostgreeSQL.Services.SurveyService.GetById
2023-03-07 19:52:00.8543|0|INFO|CRUD_Example.Data.PostgreeSQL.Services.SurveyService|(S): Response has been sent(GetByIdMethod) |url: https://localhost/api/Survey/get-by-id/15|action: GetById|CRUD_Example.Data.PostgreeSQL.Services.SurveyService.GetById
2023-03-07 19:52:00.8860|0|INFO|CRUD_Example.Data.PostgreeSQL.Services.SurveyService|(S): Response has been sent(GetByIdMethod) |url: https://localhost/api/Survey/get-by-id/15|action: GetById|CRUD_Example.Data.PostgreeSQL.Services.SurveyService.GetById
2023-03-07 20:05:51.1557|0|INFO|CRUD_Example.Data.PostgreeSQL.Services.SurveyService|(S): Response has been sent (GetAllMethod) |url: https://localhost/api/Survey/get-all|action: GetAll|CRUD_Example.Data.PostgreeSQL.Services.SurveyService.GetAll
2023-03-07 20:05:51.5021|0|INFO|CRUD_Example.Data.PostgreeSQL.Services.SurveyService|(S): Response has been sent (GetAllMethod) |url: https://localhost/api/Survey/get-all|action: GetAll|CRUD_Example.Data.PostgreeSQL.Services.SurveyService.GetAll
2023-03-07 20:05:53.2106|0|INFO|CRUD_Example.Data.PostgreeSQL.Services.SurveyService|(S): Response has been sent(GetByIdMethod) |url: https://localhost/api/Survey/get-by-id/1|action: GetById|CRUD_Example.Data.PostgreeSQL.Services.SurveyService.GetById
2023-03-07 20:05:53.2187|0|INFO|CRUD_Example.Data.PostgreeSQL.Services.SurveyService|(S): Response has been sent(GetByIdMethod) |url: https://localhost/api/Survey/get-by-id/1|action: GetById|CRUD_Example.Data.PostgreeSQL.Services.SurveyService.GetById
2023-03-07 21:15:13.9955|0|INFO|CRUD_Example.Data.PostgreeSQL.Services.SurveyService|(S): Response has been sent(GetByIdMethod) |url: https://localhost/api/Survey/get-by-id/1|action: GetById|CRUD_Example.Data.PostgreeSQL.Services.SurveyService.GetById
2023-03-07 21:15:14.2932|0|INFO|CRUD_Example.Data.PostgreeSQL.Services.SurveyService|(S): Response has been sent(GetByIdMethod) |url: https://localhost/api/Survey/get-by-id/1|action: GetById|CRUD_Example.Data.PostgreeSQL.Services.SurveyService.GetById
