2023-05-26 21:06:45.2053|0|INFO|CRUD_Example.WEB_API|Log |url: |action: |Program.<Main>$
2023-05-26 21:06:46.7012|0|INFO|Microsoft.Hosting.Lifetime|Application started. Press Ctrl+C to shut down. |url: |action: |Microsoft.Extensions.Hosting.Internal.ConsoleLifetime.OnApplicationStarted
2023-05-26 21:06:46.7229|0|INFO|Microsoft.Hosting.Lifetime|Hosting environment: Development |url: |action: |Microsoft.Extensions.Hosting.Internal.ConsoleLifetime.OnApplicationStarted
2023-05-26 21:06:46.7229|0|INFO|Microsoft.Hosting.Lifetime|Content root path: D:\codes\C#\TPr\ASP.NET_CRUD_Example\CRUD_Example_BACKEND |url: |action: |Microsoft.Extensions.Hosting.Internal.ApplicationLifetime.NotifyStarted
2023-05-26 21:07:34.7818|0|INFO|CRUD_Example.Data.PostgreeSQL.Services.SurveyService|(S): Response has been sent (GetAllMethod) |url: https://localhost/api/Survey/get-all|action: GetAll|CRUD_Example.Data.PostgreeSQL.Services.SurveyService.GetAll
2023-05-26 21:07:37.6837|0|INFO|CRUD_Example.Data.PostgreeSQL.Services.SurveyService|(S): Response has been sent (GetAllMethod) |url: https://localhost/api/Survey/get-all|action: GetAll|CRUD_Example.Data.PostgreeSQL.Services.SurveyService.GetAll
2023-05-26 21:07:43.3097|0|INFO|CRUD_Example.Data.PostgreeSQL.Services.SurveyService|(S): Response has been sent(GetByIdMethod) |url: https://localhost/api/Survey/get-by-id/8|action: GetById|CRUD_Example.Data.PostgreeSQL.Services.SurveyService.GetById
2023-05-26 21:07:43.4801|0|INFO|CRUD_Example.Data.PostgreeSQL.Services.SurveyService|(S): Response has been sent(GetByIdMethod) |url: https://localhost/api/Survey/get-by-id/8|action: GetById|CRUD_Example.Data.PostgreeSQL.Services.SurveyService.GetById
2023-05-26 21:07:46.7211|0|INFO|CRUD_Example.Data.PostgreeSQL.Services.SurveyService|(S): Response has been sent (GetAllMethod) |url: https://localhost/api/Survey/get-all|action: GetAll|CRUD_Example.Data.PostgreeSQL.Services.SurveyService.GetAll
2023-05-26 21:07:46.7299|0|INFO|CRUD_Example.Data.PostgreeSQL.Services.SurveyService|(S): Response has been sent (GetAllMethod) |url: https://localhost/api/Survey/get-all|action: GetAll|CRUD_Example.Data.PostgreeSQL.Services.SurveyService.GetAll
2023-05-26 21:07:47.6851|0|INFO|CRUD_Example.Data.PostgreeSQL.Services.SurveyService|(S): Response has been sent(GetByIdMethod) |url: https://localhost/api/Survey/get-by-id/7|action: GetById|CRUD_Example.Data.PostgreeSQL.Services.SurveyService.GetById
2023-05-26 21:07:47.7079|0|INFO|CRUD_Example.Data.PostgreeSQL.Services.SurveyService|(S): Response has been sent(GetByIdMethod) |url: https://localhost/api/Survey/get-by-id/7|action: GetById|CRUD_Example.Data.PostgreeSQL.Services.SurveyService.GetById
2023-05-26 21:07:49.0458|0|INFO|CRUD_Example.Data.PostgreeSQL.Services.SurveyService|(S): Response has been sent (GetAllMethod) |url: https://localhost/api/Survey/get-all|action: GetAll|CRUD_Example.Data.PostgreeSQL.Services.SurveyService.GetAll
2023-05-26 21:07:49.0576|0|INFO|CRUD_Example.Data.PostgreeSQL.Services.SurveyService|(S): Response has been sent (GetAllMethod) |url: https://localhost/api/Survey/get-all|action: GetAll|CRUD_Example.Data.PostgreeSQL.Services.SurveyService.GetAll
2023-05-26 21:07:49.9571|0|INFO|CRUD_Example.Data.PostgreeSQL.Services.SurveyService|(S): Response has been sent(GetByIdMethod) |url: https://localhost/api/Survey/get-by-id/5|action: GetById|CRUD_Example.Data.PostgreeSQL.Services.SurveyService.GetById
2023-05-26 21:07:49.9571|0|INFO|CRUD_Example.Data.PostgreeSQL.Services.SurveyService|(S): Response has been sent(GetByIdMethod) |url: https://localhost/api/Survey/get-by-id/5|action: GetById|CRUD_Example.Data.PostgreeSQL.Services.SurveyService.GetById
2023-05-26 21:07:51.7536|0|INFO|CRUD_Example.Data.PostgreeSQL.Services.SurveyService|(S): Response has been sent (GetAllMethod) |url: https://localhost/api/Survey/get-all|action: GetAll|CRUD_Example.Data.PostgreeSQL.Services.SurveyService.GetAll
2023-05-26 21:07:51.7536|0|INFO|CRUD_Example.Data.PostgreeSQL.Services.SurveyService|(S): Response has been sent (GetAllMethod) |url: https://localhost/api/Survey/get-all|action: GetAll|CRUD_Example.Data.PostgreeSQL.Services.SurveyService.GetAll
2023-05-26 21:07:54.6410|0|INFO|CRUD_Example.Data.PostgreeSQL.Services.SurveyService|(S): Response has been sent(GetByIdMethod) |url: https://localhost/api/Survey/get-by-id/5|action: GetById|CRUD_Example.Data.PostgreeSQL.Services.SurveyService.GetById
2023-05-26 21:07:54.6518|0|INFO|CRUD_Example.Data.PostgreeSQL.Services.SurveyService|(S): Response has been sent(GetByIdMethod) |url: https://localhost/api/Survey/get-by-id/5|action: GetById|CRUD_Example.Data.PostgreeSQL.Services.SurveyService.GetById
2023-05-26 21:07:56.3640|0|INFO|CRUD_Example.Data.PostgreeSQL.Services.SurveyService|(S): Response has been sent (GetAllMethod) |url: https://localhost/api/Survey/get-all|action: GetAll|CRUD_Example.Data.PostgreeSQL.Services.SurveyService.GetAll
2023-05-26 21:07:56.3708|0|INFO|CRUD_Example.Data.PostgreeSQL.Services.SurveyService|(S): Response has been sent (GetAllMethod) |url: https://localhost/api/Survey/get-all|action: GetAll|CRUD_Example.Data.PostgreeSQL.Services.SurveyService.GetAll
2023-05-26 21:07:57.4842|0|INFO|CRUD_Example.Data.PostgreeSQL.Services.SurveyService|(S): Response has been sent(GetByIdMethod) |url: https://localhost/api/Survey/get-by-id/1|action: GetById|CRUD_Example.Data.PostgreeSQL.Services.SurveyService.GetById
2023-05-26 21:07:57.4955|0|INFO|CRUD_Example.Data.PostgreeSQL.Services.SurveyService|(S): Response has been sent(GetByIdMethod) |url: https://localhost/api/Survey/get-by-id/1|action: GetById|CRUD_Example.Data.PostgreeSQL.Services.SurveyService.GetById
2023-05-26 21:07:58.4952|0|INFO|CRUD_Example.Data.PostgreeSQL.Services.SurveyService|(S): Response has been sent (GetAllMethod) |url: https://localhost/api/Survey/get-all|action: GetAll|CRUD_Example.Data.PostgreeSQL.Services.SurveyService.GetAll
2023-05-26 21:07:58.4952|0|INFO|CRUD_Example.Data.PostgreeSQL.Services.SurveyService|(S): Response has been sent (GetAllMethod) |url: https://localhost/api/Survey/get-all|action: GetAll|CRUD_Example.Data.PostgreeSQL.Services.SurveyService.GetAll
2023-05-26 21:08:03.2164|0|INFO|CRUD_Example.Data.PostgreeSQL.Services.SurveyService|(S): Response has been sent (GetAllMethod) |url: https://localhost/api/Survey/get-all|action: GetAll|CRUD_Example.Data.PostgreeSQL.Services.SurveyService.GetAll
2023-05-26 21:08:03.2164|0|INFO|CRUD_Example.Data.PostgreeSQL.Services.SurveyService|(S): Response has been sent (GetAllMethod) |url: https://localhost/api/Survey/get-all|action: GetAll|CRUD_Example.Data.PostgreeSQL.Services.SurveyService.GetAll
2023-05-26 21:09:51.2800|0|INFO|CRUD_Example.Data.PostgreeSQL.Services.SurveyService|(S): Response has been sent(GetByIdMethod) |url: https://localhost/api/Survey/get-by-id/1|action: GetById|CRUD_Example.Data.PostgreeSQL.Services.SurveyService.GetById
2023-05-26 21:09:51.3008|0|INFO|CRUD_Example.Data.PostgreeSQL.Services.SurveyService|(S): Response has been sent(GetByIdMethod) |url: https://localhost/api/Survey/get-by-id/1|action: GetById|CRUD_Example.Data.PostgreeSQL.Services.SurveyService.GetById
2023-05-26 21:09:54.1565|0|INFO|CRUD_Example.Data.PostgreeSQL.Services.SurveyService|(S): Response has been sent (GetAllMethod) |url: https://localhost/api/Survey/get-all|action: GetAll|CRUD_Example.Data.PostgreeSQL.Services.SurveyService.GetAll
2023-05-26 21:09:54.1565|0|INFO|CRUD_Example.Data.PostgreeSQL.Services.SurveyService|(S): Response has been sent (GetAllMethod) |url: https://localhost/api/Survey/get-all|action: GetAll|CRUD_Example.Data.PostgreeSQL.Services.SurveyService.GetAll
2023-05-26 21:10:44.6806|0|INFO|CRUD_Example.Data.PostgreeSQL.Services.SurveyService|(S): Response has been sent(GetByIdMethod) |url: https://localhost/api/Survey/get-by-id/1|action: GetById|CRUD_Example.Data.PostgreeSQL.Services.SurveyService.GetById
2023-05-26 21:10:44.7297|0|INFO|CRUD_Example.Data.PostgreeSQL.Services.SurveyService|(S): Response has been sent(GetByIdMethod) |url: https://localhost/api/Survey/get-by-id/1|action: GetById|CRUD_Example.Data.PostgreeSQL.Services.SurveyService.GetById
2023-05-26 21:12:15.3236|0|INFO|CRUD_Example.Data.PostgreeSQL.Services.SurveyService|(S): Response has been sent(GetByIdMethod) |url: https://localhost/api/Survey/get-by-id/1|action: GetById|CRUD_Example.Data.PostgreeSQL.Services.SurveyService.GetById
2023-05-26 21:12:15.4485|0|INFO|CRUD_Example.Data.PostgreeSQL.Services.SurveyService|(S): Response has been sent(GetByIdMethod) |url: https://localhost/api/Survey/get-by-id/1|action: GetById|CRUD_Example.Data.PostgreeSQL.Services.SurveyService.GetById
2023-05-26 21:12:18.2390|0|INFO|CRUD_Example.Data.PostgreeSQL.Services.SurveyService|(S): Response has been sent (GetAllMethod) |url: https://localhost/api/Survey/get-all|action: GetAll|CRUD_Example.Data.PostgreeSQL.Services.SurveyService.GetAll
2023-05-26 21:12:18.2522|0|INFO|CRUD_Example.Data.PostgreeSQL.Services.SurveyService|(S): Response has been sent (GetAllMethod) |url: https://localhost/api/Survey/get-all|action: GetAll|CRUD_Example.Data.PostgreeSQL.Services.SurveyService.GetAll
2023-05-26 21:12:36.8014|0|INFO|CRUD_Example.Data.PostgreeSQL.Services.SurveyService|(S): Response has been sent (GetAllMethod) |url: https://localhost/api/Survey/get-all|action: GetAll|CRUD_Example.Data.PostgreeSQL.Services.SurveyService.GetAll
2023-05-26 21:12:36.8077|0|INFO|CRUD_Example.Data.PostgreeSQL.Services.SurveyService|(S): Response has been sent (GetAllMethod) |url: https://localhost/api/Survey/get-all|action: GetAll|CRUD_Example.Data.PostgreeSQL.Services.SurveyService.GetAll
