2023-07-29 19:21:52.9229|0|INFO|CRUD_Example.WEB_API|Log |url: |action: |Program.<Main>$
2023-07-29 19:21:55.6181|0|INFO|Microsoft.Hosting.Lifetime|Application started. Press Ctrl+C to shut down. |url: |action: |Microsoft.Extensions.Hosting.Internal.ConsoleLifetime.OnApplicationStarted
2023-07-29 19:21:55.6451|0|INFO|Microsoft.Hosting.Lifetime|Hosting environment: Development |url: |action: |Microsoft.Extensions.Hosting.Internal.ConsoleLifetime.OnApplicationStarted
2023-07-29 19:21:55.6451|0|INFO|Microsoft.Hosting.Lifetime|Content root path: D:\codes\C#\TPr\ASP.NET_CRUD_Example\CRUD_Example_BACKEND |url: |action: |Microsoft.Extensions.Hosting.Internal.ApplicationLifetime.NotifyStarted
2023-07-29 19:22:12.3815|0|INFO|CRUD_Example.Data.PostgreeSQL.Services.SurveyService|(S): Response has been sent (GetAllMethod) |url: https://localhost/api/Survey/get-all|action: GetAll|CRUD_Example.Data.PostgreeSQL.Services.SurveyService.GetAll
2023-07-29 19:22:15.3734|0|INFO|CRUD_Example.Data.PostgreeSQL.Services.SurveyService|(S): Response has been sent (GetAllMethod) |url: https://localhost/api/Survey/get-all|action: GetAll|CRUD_Example.Data.PostgreeSQL.Services.SurveyService.GetAll
2023-07-29 19:22:21.3919|0|INFO|CRUD_Example.Data.PostgreeSQL.Services.SurveyService|(S): Response has been sent(GetByIdMethod) |url: https://localhost/api/Survey/get-by-id/24|action: GetById|CRUD_Example.Data.PostgreeSQL.Services.SurveyService.GetById
2023-07-29 19:22:21.5828|0|INFO|CRUD_Example.Data.PostgreeSQL.Services.SurveyService|(S): Response has been sent(GetByIdMethod) |url: https://localhost/api/Survey/get-by-id/24|action: GetById|CRUD_Example.Data.PostgreeSQL.Services.SurveyService.GetById
2023-07-29 19:22:31.6713|0|INFO|CRUD_Example.Data.PostgreeSQL.Services.SurveyService|(S): Response has been sent (GetAllMethod) |url: https://localhost/api/Survey/get-all|action: GetAll|CRUD_Example.Data.PostgreeSQL.Services.SurveyService.GetAll
2023-07-29 19:22:31.6892|0|INFO|CRUD_Example.Data.PostgreeSQL.Services.SurveyService|(S): Response has been sent (GetAllMethod) |url: https://localhost/api/Survey/get-all|action: GetAll|CRUD_Example.Data.PostgreeSQL.Services.SurveyService.GetAll
2023-07-29 19:22:32.7460|0|INFO|CRUD_Example.Data.PostgreeSQL.Services.SurveyService|(S): Response has been sent(GetByIdMethod) |url: https://localhost/api/Survey/get-by-id/18|action: GetById|CRUD_Example.Data.PostgreeSQL.Services.SurveyService.GetById
2023-07-29 19:22:32.7619|0|INFO|CRUD_Example.Data.PostgreeSQL.Services.SurveyService|(S): Response has been sent(GetByIdMethod) |url: https://localhost/api/Survey/get-by-id/18|action: GetById|CRUD_Example.Data.PostgreeSQL.Services.SurveyService.GetById
2023-07-29 19:25:21.0097|0|INFO|CRUD_Example.Data.PostgreeSQL.Services.SurveyService|(S): Response has been sent (GetAllMethod) |url: https://localhost/api/Survey/get-all|action: GetAll|CRUD_Example.Data.PostgreeSQL.Services.SurveyService.GetAll
2023-07-29 19:25:21.1261|0|INFO|CRUD_Example.Data.PostgreeSQL.Services.SurveyService|(S): Response has been sent (GetAllMethod) |url: https://localhost/api/Survey/get-all|action: GetAll|CRUD_Example.Data.PostgreeSQL.Services.SurveyService.GetAll
2023-07-29 19:25:22.7780|0|INFO|CRUD_Example.Data.PostgreeSQL.Services.SurveyService|(S): Response has been sent(GetByIdMethod) |url: https://localhost/api/Survey/get-by-id/24|action: GetById|CRUD_Example.Data.PostgreeSQL.Services.SurveyService.GetById
2023-07-29 19:25:22.8062|0|INFO|CRUD_Example.Data.PostgreeSQL.Services.SurveyService|(S): Response has been sent(GetByIdMethod) |url: https://localhost/api/Survey/get-by-id/24|action: GetById|CRUD_Example.Data.PostgreeSQL.Services.SurveyService.GetById
2023-07-29 19:25:45.8709|0|INFO|CRUD_Example.Data.PostgreeSQL.Services.SurveyService|(S): Response has been sent (GetAllMethod) |url: https://localhost/api/Survey/get-all|action: GetAll|CRUD_Example.Data.PostgreeSQL.Services.SurveyService.GetAll
2023-07-29 19:25:45.9033|0|INFO|CRUD_Example.Data.PostgreeSQL.Services.SurveyService|(S): Response has been sent (GetAllMethod) |url: https://localhost/api/Survey/get-all|action: GetAll|CRUD_Example.Data.PostgreeSQL.Services.SurveyService.GetAll
2023-07-29 19:25:48.6216|0|INFO|CRUD_Example.Data.PostgreeSQL.Services.SurveyService|(S): Response has been sent (GetAllMethod) |url: https://localhost/api/Survey/get-all|action: GetAll|CRUD_Example.Data.PostgreeSQL.Services.SurveyService.GetAll
2023-07-29 19:25:48.6216|0|INFO|CRUD_Example.Data.PostgreeSQL.Services.SurveyService|(S): Response has been sent (GetAllMethod) |url: https://localhost/api/Survey/get-all|action: GetAll|CRUD_Example.Data.PostgreeSQL.Services.SurveyService.GetAll
2023-07-29 19:25:50.2826|0|INFO|CRUD_Example.Data.PostgreeSQL.Services.SurveyService|(S): Response has been sent(GetByIdMethod) |url: https://localhost/api/Survey/get-by-id/24|action: GetById|CRUD_Example.Data.PostgreeSQL.Services.SurveyService.GetById
2023-07-29 19:25:50.2970|0|INFO|CRUD_Example.Data.PostgreeSQL.Services.SurveyService|(S): Response has been sent(GetByIdMethod) |url: https://localhost/api/Survey/get-by-id/24|action: GetById|CRUD_Example.Data.PostgreeSQL.Services.SurveyService.GetById
2023-07-29 19:26:28.6870|0|INFO|CRUD_Example.Data.PostgreeSQL.Services.SurveyService|(S): Response has been sent(GetByIdMethod) |url: https://localhost/api/Survey/get-by-id/24|action: GetById|CRUD_Example.Data.PostgreeSQL.Services.SurveyService.GetById
2023-07-29 19:26:28.7215|0|INFO|CRUD_Example.Data.PostgreeSQL.Services.SurveyService|(S): Response has been sent(GetByIdMethod) |url: https://localhost/api/Survey/get-by-id/24|action: GetById|CRUD_Example.Data.PostgreeSQL.Services.SurveyService.GetById
2023-07-29 19:29:44.3496|0|INFO|CRUD_Example.Data.PostgreeSQL.Services.SurveyService|(S): Response has been sent (GetAllMethod) |url: https://localhost/api/Survey/get-all|action: GetAll|CRUD_Example.Data.PostgreeSQL.Services.SurveyService.GetAll
2023-07-29 19:29:44.5147|0|INFO|CRUD_Example.Data.PostgreeSQL.Services.SurveyService|(S): Response has been sent (GetAllMethod) |url: https://localhost/api/Survey/get-all|action: GetAll|CRUD_Example.Data.PostgreeSQL.Services.SurveyService.GetAll
2023-07-29 19:29:45.8425|0|INFO|CRUD_Example.Data.PostgreeSQL.Services.SurveyService|(S): Response has been sent (GetAllMethod) |url: https://localhost/api/Survey/get-all|action: GetAll|CRUD_Example.Data.PostgreeSQL.Services.SurveyService.GetAll
2023-07-29 19:29:45.8744|0|INFO|CRUD_Example.Data.PostgreeSQL.Services.SurveyService|(S): Response has been sent (GetAllMethod) |url: https://localhost/api/Survey/get-all|action: GetAll|CRUD_Example.Data.PostgreeSQL.Services.SurveyService.GetAll
2023-07-29 19:29:47.3518|0|INFO|CRUD_Example.Data.PostgreeSQL.Services.SurveyService|(S): Response has been sent(GetByIdMethod) |url: https://localhost/api/Survey/get-by-id/1|action: GetById|CRUD_Example.Data.PostgreeSQL.Services.SurveyService.GetById
2023-07-29 19:29:47.3591|0|INFO|CRUD_Example.Data.PostgreeSQL.Services.SurveyService|(S): Response has been sent(GetByIdMethod) |url: https://localhost/api/Survey/get-by-id/1|action: GetById|CRUD_Example.Data.PostgreeSQL.Services.SurveyService.GetById
2023-07-29 19:30:35.9733|0|INFO|CRUD_Example.Data.PostgreeSQL.Services.SurveyService|(S): Response has been sent(GetByIdMethod) |url: https://localhost/api/Survey/get-by-id/1|action: GetById|CRUD_Example.Data.PostgreeSQL.Services.SurveyService.GetById
2023-07-29 19:30:35.9986|0|INFO|CRUD_Example.Data.PostgreeSQL.Services.SurveyService|(S): Response has been sent(GetByIdMethod) |url: https://localhost/api/Survey/get-by-id/1|action: GetById|CRUD_Example.Data.PostgreeSQL.Services.SurveyService.GetById
2023-07-29 19:32:00.6229|0|INFO|CRUD_Example.Data.PostgreeSQL.Services.SurveyService|(S): Response has been sent(GetByIdMethod) |url: https://localhost/api/Survey/get-by-id/1|action: GetById|CRUD_Example.Data.PostgreeSQL.Services.SurveyService.GetById
2023-07-29 19:32:00.6379|0|INFO|CRUD_Example.Data.PostgreeSQL.Services.SurveyService|(S): Response has been sent(GetByIdMethod) |url: https://localhost/api/Survey/get-by-id/1|action: GetById|CRUD_Example.Data.PostgreeSQL.Services.SurveyService.GetById
2023-07-29 19:35:33.1710|0|INFO|CRUD_Example.Data.PostgreeSQL.Services.SurveyService|(S): Response has been sent(GetByIdMethod) |url: https://localhost/api/Survey/get-by-id/1|action: GetById|CRUD_Example.Data.PostgreeSQL.Services.SurveyService.GetById
2023-07-29 19:35:33.4303|0|INFO|CRUD_Example.Data.PostgreeSQL.Services.SurveyService|(S): Response has been sent(GetByIdMethod) |url: https://localhost/api/Survey/get-by-id/1|action: GetById|CRUD_Example.Data.PostgreeSQL.Services.SurveyService.GetById
2023-07-29 19:36:55.8713|0|INFO|CRUD_Example.Data.PostgreeSQL.Services.SurveyService|(S): Response has been sent(GetByIdMethod) |url: https://localhost/api/Survey/get-by-id/1|action: GetById|CRUD_Example.Data.PostgreeSQL.Services.SurveyService.GetById
2023-07-29 19:36:55.9022|0|INFO|CRUD_Example.Data.PostgreeSQL.Services.SurveyService|(S): Response has been sent(GetByIdMethod) |url: https://localhost/api/Survey/get-by-id/1|action: GetById|CRUD_Example.Data.PostgreeSQL.Services.SurveyService.GetById
2023-07-29 19:37:40.7759|0|INFO|CRUD_Example.Data.PostgreeSQL.Services.SurveyService|(S): Response has been sent(GetByIdMethod) |url: https://localhost/api/Survey/get-by-id/1|action: GetById|CRUD_Example.Data.PostgreeSQL.Services.SurveyService.GetById
2023-07-29 19:37:40.8131|0|INFO|CRUD_Example.Data.PostgreeSQL.Services.SurveyService|(S): Response has been sent(GetByIdMethod) |url: https://localhost/api/Survey/get-by-id/1|action: GetById|CRUD_Example.Data.PostgreeSQL.Services.SurveyService.GetById
2023-07-29 19:38:34.1881|0|INFO|CRUD_Example.Data.PostgreeSQL.Services.SurveyService|(S): Response has been sent(GetByIdMethod) |url: https://localhost/api/Survey/get-by-id/1|action: GetById|CRUD_Example.Data.PostgreeSQL.Services.SurveyService.GetById
2023-07-29 19:38:34.2324|0|INFO|CRUD_Example.Data.PostgreeSQL.Services.SurveyService|(S): Response has been sent(GetByIdMethod) |url: https://localhost/api/Survey/get-by-id/1|action: GetById|CRUD_Example.Data.PostgreeSQL.Services.SurveyService.GetById
2023-07-29 19:50:40.0904|0|INFO|CRUD_Example.Data.PostgreeSQL.Services.SurveyService|(S): Response has been sent(GetByIdMethod) |url: https://localhost/api/Survey/get-by-id/1|action: GetById|CRUD_Example.Data.PostgreeSQL.Services.SurveyService.GetById
2023-07-29 19:50:40.4506|0|INFO|CRUD_Example.Data.PostgreeSQL.Services.SurveyService|(S): Response has been sent(GetByIdMethod) |url: https://localhost/api/Survey/get-by-id/1|action: GetById|CRUD_Example.Data.PostgreeSQL.Services.SurveyService.GetById
2023-07-29 19:50:47.8471|0|INFO|CRUD_Example.Data.PostgreeSQL.Services.SurveyService|(S): Response has been sent(GetByIdMethod) |url: https://localhost/api/Survey/get-by-id/1|action: GetById|CRUD_Example.Data.PostgreeSQL.Services.SurveyService.GetById
2023-07-29 19:50:47.8471|0|INFO|CRUD_Example.Data.PostgreeSQL.Services.SurveyService|(S): Response has been sent(GetByIdMethod) |url: https://localhost/api/Survey/get-by-id/1|action: GetById|CRUD_Example.Data.PostgreeSQL.Services.SurveyService.GetById
2023-07-29 19:50:48.7297|0|INFO|CRUD_Example.Data.PostgreeSQL.Services.SurveyService|(S): Response has been sent (GetAllMethod) |url: https://localhost/api/Survey/get-all|action: GetAll|CRUD_Example.Data.PostgreeSQL.Services.SurveyService.GetAll
2023-07-29 19:50:48.7340|0|INFO|CRUD_Example.Data.PostgreeSQL.Services.SurveyService|(S): Response has been sent (GetAllMethod) |url: https://localhost/api/Survey/get-all|action: GetAll|CRUD_Example.Data.PostgreeSQL.Services.SurveyService.GetAll
2023-07-29 19:50:50.0042|0|INFO|CRUD_Example.Data.PostgreeSQL.Services.SurveyService|(S): Response has been sent(GetByIdMethod) |url: https://localhost/api/Survey/get-by-id/24|action: GetById|CRUD_Example.Data.PostgreeSQL.Services.SurveyService.GetById
2023-07-29 19:50:50.0141|0|INFO|CRUD_Example.Data.PostgreeSQL.Services.SurveyService|(S): Response has been sent(GetByIdMethod) |url: https://localhost/api/Survey/get-by-id/24|action: GetById|CRUD_Example.Data.PostgreeSQL.Services.SurveyService.GetById
2023-07-29 19:50:55.0695|0|INFO|CRUD_Example.Data.PostgreeSQL.Services.SurveyService|(S): Response has been sent (GetAllMethod) |url: https://localhost/api/Survey/get-all|action: GetAll|CRUD_Example.Data.PostgreeSQL.Services.SurveyService.GetAll
2023-07-29 19:50:55.0817|0|INFO|CRUD_Example.Data.PostgreeSQL.Services.SurveyService|(S): Response has been sent (GetAllMethod) |url: https://localhost/api/Survey/get-all|action: GetAll|CRUD_Example.Data.PostgreeSQL.Services.SurveyService.GetAll
2023-07-29 19:51:45.6592|0|INFO|CRUD_Example.Data.PostgreeSQL.Services.SurveyService|(S): Response has been sent (GetAllMethod) |url: https://localhost/api/Survey/get-all|action: GetAll|CRUD_Example.Data.PostgreeSQL.Services.SurveyService.GetAll
2023-07-29 19:51:45.6902|0|INFO|CRUD_Example.Data.PostgreeSQL.Services.SurveyService|(S): Response has been sent (GetAllMethod) |url: https://localhost/api/Survey/get-all|action: GetAll|CRUD_Example.Data.PostgreeSQL.Services.SurveyService.GetAll
2023-07-29 19:51:46.7262|0|INFO|CRUD_Example.Data.PostgreeSQL.Services.SurveyService|(S): Response has been sent(GetByIdMethod) |url: https://localhost/api/Survey/get-by-id/5|action: GetById|CRUD_Example.Data.PostgreeSQL.Services.SurveyService.GetById
2023-07-29 19:51:46.7331|0|INFO|CRUD_Example.Data.PostgreeSQL.Services.SurveyService|(S): Response has been sent(GetByIdMethod) |url: https://localhost/api/Survey/get-by-id/5|action: GetById|CRUD_Example.Data.PostgreeSQL.Services.SurveyService.GetById
2023-07-29 19:51:55.2552|0|INFO|CRUD_Example.Data.PostgreeSQL.Services.SurveyService|(S): Response has been sent (GetAllMethod) |url: https://localhost/api/Survey/get-all|action: GetAll|CRUD_Example.Data.PostgreeSQL.Services.SurveyService.GetAll
2023-07-29 19:51:55.2552|0|INFO|CRUD_Example.Data.PostgreeSQL.Services.SurveyService|(S): Response has been sent (GetAllMethod) |url: https://localhost/api/Survey/get-all|action: GetAll|CRUD_Example.Data.PostgreeSQL.Services.SurveyService.GetAll
2023-07-29 21:45:31.7119|0|INFO|CRUD_Example.WEB_API|Log |url: |action: |Program.<Main>$
2023-07-29 21:45:32.5276|0|INFO|Microsoft.Hosting.Lifetime|Application started. Press Ctrl+C to shut down. |url: |action: |Microsoft.Extensions.Hosting.Internal.ConsoleLifetime.OnApplicationStarted
2023-07-29 21:45:32.5622|0|INFO|Microsoft.Hosting.Lifetime|Hosting environment: Development |url: |action: |Microsoft.Extensions.Hosting.Internal.ConsoleLifetime.OnApplicationStarted
2023-07-29 21:45:32.5622|0|INFO|Microsoft.Hosting.Lifetime|Content root path: D:\codes\C#\TPr\ASP.NET_CRUD_Example\CRUD_Example_BACKEND |url: |action: |Microsoft.Extensions.Hosting.Internal.ApplicationLifetime.NotifyStarted
2023-07-29 21:46:46.5940|0|INFO|CRUD_Example.Data.PostgreeSQL.Services.SurveyService|(S): Response has been sent (GetAllMethod) |url: https://localhost/api/Survey/get-all|action: GetAll|CRUD_Example.Data.PostgreeSQL.Services.SurveyService.GetAll
2023-07-29 21:46:49.7464|0|INFO|CRUD_Example.Data.PostgreeSQL.Services.SurveyService|(S): Response has been sent (GetAllMethod) |url: https://localhost/api/Survey/get-all|action: GetAll|CRUD_Example.Data.PostgreeSQL.Services.SurveyService.GetAll
2023-07-29 21:46:55.2333|0|INFO|CRUD_Example.Data.PostgreeSQL.Services.SurveyService|(S): Response has been sent(GetByIdMethod) |url: https://localhost/api/Survey/get-by-id/23|action: GetById|CRUD_Example.Data.PostgreeSQL.Services.SurveyService.GetById
2023-07-29 21:46:55.4493|0|INFO|CRUD_Example.Data.PostgreeSQL.Services.SurveyService|(S): Response has been sent(GetByIdMethod) |url: https://localhost/api/Survey/get-by-id/23|action: GetById|CRUD_Example.Data.PostgreeSQL.Services.SurveyService.GetById
2023-07-29 21:47:24.1775|0|INFO|CRUD_Example.Data.PostgreeSQL.Services.SurveyService|(S): Response has been sent (GetAllMethod) |url: https://localhost/api/Survey/get-all|action: GetAll|CRUD_Example.Data.PostgreeSQL.Services.SurveyService.GetAll
2023-07-29 21:47:24.2305|0|INFO|CRUD_Example.Data.PostgreeSQL.Services.SurveyService|(S): Response has been sent (GetAllMethod) |url: https://localhost/api/Survey/get-all|action: GetAll|CRUD_Example.Data.PostgreeSQL.Services.SurveyService.GetAll
2023-07-29 21:47:27.3834|0|INFO|CRUD_Example.Data.PostgreeSQL.Services.SurveyService|(S): Response has been sent(GetByIdMethod) |url: https://localhost/api/Survey/get-by-id/22|action: GetById|CRUD_Example.Data.PostgreeSQL.Services.SurveyService.GetById
2023-07-29 21:47:27.3878|0|INFO|CRUD_Example.Data.PostgreeSQL.Services.SurveyService|(S): Response has been sent(GetByIdMethod) |url: https://localhost/api/Survey/get-by-id/22|action: GetById|CRUD_Example.Data.PostgreeSQL.Services.SurveyService.GetById
2023-07-29 21:47:35.5996|0|INFO|CRUD_Example.Data.PostgreeSQL.Services.SurveyService|(S): Response has been sent (GetAllMethod) |url: https://localhost/api/Survey/get-all|action: GetAll|CRUD_Example.Data.PostgreeSQL.Services.SurveyService.GetAll
2023-07-29 21:47:35.6072|0|INFO|CRUD_Example.Data.PostgreeSQL.Services.SurveyService|(S): Response has been sent (GetAllMethod) |url: https://localhost/api/Survey/get-all|action: GetAll|CRUD_Example.Data.PostgreeSQL.Services.SurveyService.GetAll
2023-07-29 21:47:37.6381|0|INFO|CRUD_Example.Data.PostgreeSQL.Services.SurveyService|(S): Response has been sent(GetByIdMethod) |url: https://localhost/api/Survey/get-by-id/22|action: GetById|CRUD_Example.Data.PostgreeSQL.Services.SurveyService.GetById
2023-07-29 21:47:37.6529|0|INFO|CRUD_Example.Data.PostgreeSQL.Services.SurveyService|(S): Response has been sent(GetByIdMethod) |url: https://localhost/api/Survey/get-by-id/22|action: GetById|CRUD_Example.Data.PostgreeSQL.Services.SurveyService.GetById
2023-07-29 21:47:39.4301|0|INFO|CRUD_Example.Data.PostgreeSQL.Services.SurveyService|(S): Response has been sent (GetAllMethod) |url: https://localhost/api/Survey/get-all|action: GetAll|CRUD_Example.Data.PostgreeSQL.Services.SurveyService.GetAll
2023-07-29 21:47:39.4492|0|INFO|CRUD_Example.Data.PostgreeSQL.Services.SurveyService|(S): Response has been sent (GetAllMethod) |url: https://localhost/api/Survey/get-all|action: GetAll|CRUD_Example.Data.PostgreeSQL.Services.SurveyService.GetAll
2023-07-29 21:47:40.4200|0|INFO|CRUD_Example.Data.PostgreeSQL.Services.SurveyService|(S): Response has been sent(GetByIdMethod) |url: https://localhost/api/Survey/get-by-id/21|action: GetById|CRUD_Example.Data.PostgreeSQL.Services.SurveyService.GetById
2023-07-29 21:47:40.4445|0|INFO|CRUD_Example.Data.PostgreeSQL.Services.SurveyService|(S): Response has been sent(GetByIdMethod) |url: https://localhost/api/Survey/get-by-id/21|action: GetById|CRUD_Example.Data.PostgreeSQL.Services.SurveyService.GetById
2023-07-29 21:47:41.8277|0|INFO|CRUD_Example.Data.PostgreeSQL.Services.SurveyService|(S): Response has been sent (GetAllMethod) |url: https://localhost/api/Survey/get-all|action: GetAll|CRUD_Example.Data.PostgreeSQL.Services.SurveyService.GetAll
2023-07-29 21:47:41.8408|0|INFO|CRUD_Example.Data.PostgreeSQL.Services.SurveyService|(S): Response has been sent (GetAllMethod) |url: https://localhost/api/Survey/get-all|action: GetAll|CRUD_Example.Data.PostgreeSQL.Services.SurveyService.GetAll
2023-07-29 21:47:42.6543|0|INFO|CRUD_Example.Data.PostgreeSQL.Services.SurveyService|(S): Response has been sent(GetByIdMethod) |url: https://localhost/api/Survey/get-by-id/18|action: GetById|CRUD_Example.Data.PostgreeSQL.Services.SurveyService.GetById
2023-07-29 21:47:42.6687|0|INFO|CRUD_Example.Data.PostgreeSQL.Services.SurveyService|(S): Response has been sent(GetByIdMethod) |url: https://localhost/api/Survey/get-by-id/18|action: GetById|CRUD_Example.Data.PostgreeSQL.Services.SurveyService.GetById
2023-07-29 21:47:43.8438|0|INFO|CRUD_Example.Data.PostgreeSQL.Services.SurveyService|(S): Response has been sent (GetAllMethod) |url: https://localhost/api/Survey/get-all|action: GetAll|CRUD_Example.Data.PostgreeSQL.Services.SurveyService.GetAll
2023-07-29 21:47:43.8562|0|INFO|CRUD_Example.Data.PostgreeSQL.Services.SurveyService|(S): Response has been sent (GetAllMethod) |url: https://localhost/api/Survey/get-all|action: GetAll|CRUD_Example.Data.PostgreeSQL.Services.SurveyService.GetAll
2023-07-29 21:47:45.3639|0|INFO|CRUD_Example.Data.PostgreeSQL.Services.SurveyService|(S): Response has been sent(GetByIdMethod) |url: https://localhost/api/Survey/get-by-id/24|action: GetById|CRUD_Example.Data.PostgreeSQL.Services.SurveyService.GetById
2023-07-29 21:47:45.3732|0|INFO|CRUD_Example.Data.PostgreeSQL.Services.SurveyService|(S): Response has been sent(GetByIdMethod) |url: https://localhost/api/Survey/get-by-id/24|action: GetById|CRUD_Example.Data.PostgreeSQL.Services.SurveyService.GetById
2023-07-29 21:48:07.4157|0|INFO|CRUD_Example.Data.PostgreeSQL.Services.SurveyService|(S): Response has been sent(GetByIdMethod) |url: https://localhost/api/Survey/get-by-id/24|action: GetById|CRUD_Example.Data.PostgreeSQL.Services.SurveyService.GetById
2023-07-29 21:48:07.4345|0|INFO|CRUD_Example.Data.PostgreeSQL.Services.SurveyService|(S): Response has been sent(GetByIdMethod) |url: https://localhost/api/Survey/get-by-id/24|action: GetById|CRUD_Example.Data.PostgreeSQL.Services.SurveyService.GetById
2023-07-29 21:48:09.5460|0|INFO|CRUD_Example.Data.PostgreeSQL.Services.SurveyService|(S): Response has been sent (GetAllMethod) |url: https://localhost/api/Survey/get-all|action: GetAll|CRUD_Example.Data.PostgreeSQL.Services.SurveyService.GetAll
2023-07-29 21:48:09.5589|0|INFO|CRUD_Example.Data.PostgreeSQL.Services.SurveyService|(S): Response has been sent (GetAllMethod) |url: https://localhost/api/Survey/get-all|action: GetAll|CRUD_Example.Data.PostgreeSQL.Services.SurveyService.GetAll
2023-07-29 21:48:19.5075|0|INFO|CRUD_Example.Data.PostgreeSQL.Services.SurveyService|(S): Response has been sent(GetByIdMethod) |url: https://localhost/api/Survey/get-by-id/23|action: GetById|CRUD_Example.Data.PostgreeSQL.Services.SurveyService.GetById
2023-07-29 21:48:19.5117|0|INFO|CRUD_Example.Data.PostgreeSQL.Services.SurveyService|(S): Response has been sent(GetByIdMethod) |url: https://localhost/api/Survey/get-by-id/23|action: GetById|CRUD_Example.Data.PostgreeSQL.Services.SurveyService.GetById
2023-07-29 21:48:22.6173|0|INFO|CRUD_Example.Data.PostgreeSQL.Services.SurveyService|(S): Response has been sent (GetAllMethod) |url: https://localhost/api/Survey/get-all|action: GetAll|CRUD_Example.Data.PostgreeSQL.Services.SurveyService.GetAll
2023-07-29 21:48:22.6367|0|INFO|CRUD_Example.Data.PostgreeSQL.Services.SurveyService|(S): Response has been sent (GetAllMethod) |url: https://localhost/api/Survey/get-all|action: GetAll|CRUD_Example.Data.PostgreeSQL.Services.SurveyService.GetAll
2023-07-29 21:48:23.9647|0|INFO|CRUD_Example.Data.PostgreeSQL.Services.SurveyService|(S): Response has been sent(GetByIdMethod) |url: https://localhost/api/Survey/get-by-id/24|action: GetById|CRUD_Example.Data.PostgreeSQL.Services.SurveyService.GetById
2023-07-29 21:48:23.9808|0|INFO|CRUD_Example.Data.PostgreeSQL.Services.SurveyService|(S): Response has been sent(GetByIdMethod) |url: https://localhost/api/Survey/get-by-id/24|action: GetById|CRUD_Example.Data.PostgreeSQL.Services.SurveyService.GetById
2023-07-29 21:48:30.7226|0|INFO|CRUD_Example.Data.PostgreeSQL.Services.SurveyService|(S): Response has been sent (GetAllMethod) |url: https://localhost/api/Survey/get-all|action: GetAll|CRUD_Example.Data.PostgreeSQL.Services.SurveyService.GetAll
2023-07-29 21:48:30.7312|0|INFO|CRUD_Example.Data.PostgreeSQL.Services.SurveyService|(S): Response has been sent (GetAllMethod) |url: https://localhost/api/Survey/get-all|action: GetAll|CRUD_Example.Data.PostgreeSQL.Services.SurveyService.GetAll
2023-07-29 21:48:34.6787|0|INFO|CRUD_Example.Data.PostgreeSQL.Services.SurveyService|(S): Response has been sent (GetAllMethod) |url: https://localhost/api/Survey/get-all|action: GetAll|CRUD_Example.Data.PostgreeSQL.Services.SurveyService.GetAll
2023-07-29 21:48:34.6839|0|INFO|CRUD_Example.Data.PostgreeSQL.Services.SurveyService|(S): Response has been sent (GetAllMethod) |url: https://localhost/api/Survey/get-all|action: GetAll|CRUD_Example.Data.PostgreeSQL.Services.SurveyService.GetAll
2023-07-29 21:48:36.1866|0|INFO|CRUD_Example.Data.PostgreeSQL.Services.SurveyService|(S): Response has been sent(GetByIdMethod) |url: https://localhost/api/Survey/get-by-id/24|action: GetById|CRUD_Example.Data.PostgreeSQL.Services.SurveyService.GetById
2023-07-29 21:48:36.1998|0|INFO|CRUD_Example.Data.PostgreeSQL.Services.SurveyService|(S): Response has been sent(GetByIdMethod) |url: https://localhost/api/Survey/get-by-id/24|action: GetById|CRUD_Example.Data.PostgreeSQL.Services.SurveyService.GetById
2023-07-29 21:50:37.7184|0|INFO|CRUD_Example.Data.PostgreeSQL.Services.SurveyService|(S): Response has been sent(GetByIdMethod) |url: https://localhost/api/Survey/get-by-id/24|action: GetById|CRUD_Example.Data.PostgreeSQL.Services.SurveyService.GetById
2023-07-29 21:50:37.7467|0|INFO|CRUD_Example.Data.PostgreeSQL.Services.SurveyService|(S): Response has been sent(GetByIdMethod) |url: https://localhost/api/Survey/get-by-id/24|action: GetById|CRUD_Example.Data.PostgreeSQL.Services.SurveyService.GetById
2023-07-29 21:56:39.9029|0|INFO|CRUD_Example.Data.PostgreeSQL.Services.SurveyService|(S): Response has been sent(GetByIdMethod) |url: https://localhost/api/Survey/get-by-id/24|action: GetById|CRUD_Example.Data.PostgreeSQL.Services.SurveyService.GetById
2023-07-29 21:56:40.1479|0|INFO|CRUD_Example.Data.PostgreeSQL.Services.SurveyService|(S): Response has been sent(GetByIdMethod) |url: https://localhost/api/Survey/get-by-id/24|action: GetById|CRUD_Example.Data.PostgreeSQL.Services.SurveyService.GetById
2023-07-29 21:57:26.9071|0|INFO|CRUD_Example.Data.PostgreeSQL.Services.SurveyService|(S): Response has been sent (GetAllMethod) |url: https://localhost/api/Survey/get-all|action: GetAll|CRUD_Example.Data.PostgreeSQL.Services.SurveyService.GetAll
2023-07-29 21:57:26.9353|0|INFO|CRUD_Example.Data.PostgreeSQL.Services.SurveyService|(S): Response has been sent (GetAllMethod) |url: https://localhost/api/Survey/get-all|action: GetAll|CRUD_Example.Data.PostgreeSQL.Services.SurveyService.GetAll
2023-07-29 21:57:29.4582|0|INFO|CRUD_Example.Data.PostgreeSQL.Services.SurveyService|(S): Response has been sent (GetAllMethod) |url: https://localhost/api/Survey/get-all|action: GetAll|CRUD_Example.Data.PostgreeSQL.Services.SurveyService.GetAll
2023-07-29 21:57:29.5043|0|INFO|CRUD_Example.Data.PostgreeSQL.Services.SurveyService|(S): Response has been sent (GetAllMethod) |url: https://localhost/api/Survey/get-all|action: GetAll|CRUD_Example.Data.PostgreeSQL.Services.SurveyService.GetAll
2023-07-29 21:57:38.2514|0|INFO|CRUD_Example.Data.PostgreeSQL.Services.SurveyService|(S): Response has been sent(GetByIdMethod) |url: https://localhost/api/Survey/get-by-id/24|action: GetById|CRUD_Example.Data.PostgreeSQL.Services.SurveyService.GetById
2023-07-29 21:57:38.2789|0|INFO|CRUD_Example.Data.PostgreeSQL.Services.SurveyService|(S): Response has been sent(GetByIdMethod) |url: https://localhost/api/Survey/get-by-id/24|action: GetById|CRUD_Example.Data.PostgreeSQL.Services.SurveyService.GetById
2023-07-29 22:02:24.2461|0|INFO|CRUD_Example.Data.PostgreeSQL.Services.SurveyService|(S): Response has been sent(GetByIdMethod) |url: https://localhost/api/Survey/get-by-id/24|action: GetById|CRUD_Example.Data.PostgreeSQL.Services.SurveyService.GetById
2023-07-29 22:02:24.4846|0|INFO|CRUD_Example.Data.PostgreeSQL.Services.SurveyService|(S): Response has been sent(GetByIdMethod) |url: https://localhost/api/Survey/get-by-id/24|action: GetById|CRUD_Example.Data.PostgreeSQL.Services.SurveyService.GetById
2023-07-29 22:02:28.0134|0|INFO|CRUD_Example.Data.PostgreeSQL.Services.SurveyService|(S): Response has been sent(GetByIdMethod) |url: https://localhost/api/Survey/get-by-id/24|action: GetById|CRUD_Example.Data.PostgreeSQL.Services.SurveyService.GetById
2023-07-29 22:02:28.0134|0|INFO|CRUD_Example.Data.PostgreeSQL.Services.SurveyService|(S): Response has been sent(GetByIdMethod) |url: https://localhost/api/Survey/get-by-id/24|action: GetById|CRUD_Example.Data.PostgreeSQL.Services.SurveyService.GetById
2023-07-29 22:05:26.9070|0|INFO|CRUD_Example.Data.PostgreeSQL.Services.SurveyService|(S): Response has been sent (GetAllMethod) |url: https://localhost/api/Survey/get-all|action: GetAll|CRUD_Example.Data.PostgreeSQL.Services.SurveyService.GetAll
2023-07-29 22:05:26.9198|0|INFO|CRUD_Example.Data.PostgreeSQL.Services.SurveyService|(S): Response has been sent (GetAllMethod) |url: https://localhost/api/Survey/get-all|action: GetAll|CRUD_Example.Data.PostgreeSQL.Services.SurveyService.GetAll
2023-07-29 22:05:28.5545|0|INFO|CRUD_Example.Data.PostgreeSQL.Services.SurveyService|(S): Response has been sent(GetByIdMethod) |url: https://localhost/api/Survey/get-by-id/24|action: GetById|CRUD_Example.Data.PostgreeSQL.Services.SurveyService.GetById
2023-07-29 22:05:28.5618|0|INFO|CRUD_Example.Data.PostgreeSQL.Services.SurveyService|(S): Response has been sent(GetByIdMethod) |url: https://localhost/api/Survey/get-by-id/24|action: GetById|CRUD_Example.Data.PostgreeSQL.Services.SurveyService.GetById
2023-07-29 22:05:31.3242|0|INFO|CRUD_Example.Data.PostgreeSQL.Services.SurveyService|(S): Response has been sent(GetByIdMethod) |url: https://localhost/api/Survey/get-by-id/24|action: GetById|CRUD_Example.Data.PostgreeSQL.Services.SurveyService.GetById
2023-07-29 22:05:31.3417|0|INFO|CRUD_Example.Data.PostgreeSQL.Services.SurveyService|(S): Response has been sent(GetByIdMethod) |url: https://localhost/api/Survey/get-by-id/24|action: GetById|CRUD_Example.Data.PostgreeSQL.Services.SurveyService.GetById
2023-07-29 22:05:34.4986|0|INFO|CRUD_Example.Data.PostgreeSQL.Services.SurveyService|(S): Response has been sent (GetAllMethod) |url: https://localhost/api/Survey/get-all|action: GetAll|CRUD_Example.Data.PostgreeSQL.Services.SurveyService.GetAll
2023-07-29 22:05:34.4986|0|INFO|CRUD_Example.Data.PostgreeSQL.Services.SurveyService|(S): Response has been sent (GetAllMethod) |url: https://localhost/api/Survey/get-all|action: GetAll|CRUD_Example.Data.PostgreeSQL.Services.SurveyService.GetAll
2023-07-29 22:05:36.5118|0|INFO|CRUD_Example.Data.PostgreeSQL.Services.SurveyService|(S): Response has been sent (GetAllMethod) |url: https://localhost/api/Survey/get-all|action: GetAll|CRUD_Example.Data.PostgreeSQL.Services.SurveyService.GetAll
2023-07-29 22:05:36.5748|0|INFO|CRUD_Example.Data.PostgreeSQL.Services.SurveyService|(S): Response has been sent (GetAllMethod) |url: https://localhost/api/Survey/get-all|action: GetAll|CRUD_Example.Data.PostgreeSQL.Services.SurveyService.GetAll
2023-07-29 22:05:39.4403|0|INFO|CRUD_Example.Data.PostgreeSQL.Services.SurveyService|(S): Response has been sent(GetByIdMethod) |url: https://localhost/api/Survey/get-by-id/24|action: GetById|CRUD_Example.Data.PostgreeSQL.Services.SurveyService.GetById
2023-07-29 22:05:39.4523|0|INFO|CRUD_Example.Data.PostgreeSQL.Services.SurveyService|(S): Response has been sent(GetByIdMethod) |url: https://localhost/api/Survey/get-by-id/24|action: GetById|CRUD_Example.Data.PostgreeSQL.Services.SurveyService.GetById
2023-07-29 22:05:41.9837|0|INFO|CRUD_Example.Data.PostgreeSQL.Services.SurveyService|(S): Response has been sent(GetByIdMethod) |url: https://localhost/api/Survey/get-by-id/24|action: GetById|CRUD_Example.Data.PostgreeSQL.Services.SurveyService.GetById
2023-07-29 22:05:41.9837|0|INFO|CRUD_Example.Data.PostgreeSQL.Services.SurveyService|(S): Response has been sent(GetByIdMethod) |url: https://localhost/api/Survey/get-by-id/24|action: GetById|CRUD_Example.Data.PostgreeSQL.Services.SurveyService.GetById
2023-07-29 22:14:52.2003|0|INFO|CRUD_Example.Data.PostgreeSQL.Services.SurveyService|(S): Response has been sent (GetAllMethod) |url: https://localhost/api/Survey/get-all|action: GetAll|CRUD_Example.Data.PostgreeSQL.Services.SurveyService.GetAll
2023-07-29 22:14:52.3717|0|INFO|CRUD_Example.Data.PostgreeSQL.Services.SurveyService|(S): Response has been sent (GetAllMethod) |url: https://localhost/api/Survey/get-all|action: GetAll|CRUD_Example.Data.PostgreeSQL.Services.SurveyService.GetAll
2023-07-29 22:14:53.7695|0|INFO|CRUD_Example.Data.PostgreeSQL.Services.SurveyService|(S): Response has been sent(GetByIdMethod) |url: https://localhost/api/Survey/get-by-id/23|action: GetById|CRUD_Example.Data.PostgreeSQL.Services.SurveyService.GetById
2023-07-29 22:14:53.7772|0|INFO|CRUD_Example.Data.PostgreeSQL.Services.SurveyService|(S): Response has been sent(GetByIdMethod) |url: https://localhost/api/Survey/get-by-id/23|action: GetById|CRUD_Example.Data.PostgreeSQL.Services.SurveyService.GetById
2023-07-29 22:23:30.5908|0|INFO|CRUD_Example.Data.PostgreeSQL.Services.SurveyService|(S): Response has been sent (GetAllMethod) |url: https://localhost/api/Survey/get-all|action: GetAll|CRUD_Example.Data.PostgreeSQL.Services.SurveyService.GetAll
2023-07-29 22:23:30.7627|0|INFO|CRUD_Example.Data.PostgreeSQL.Services.SurveyService|(S): Response has been sent (GetAllMethod) |url: https://localhost/api/Survey/get-all|action: GetAll|CRUD_Example.Data.PostgreeSQL.Services.SurveyService.GetAll
2023-07-29 22:23:33.0432|0|INFO|CRUD_Example.Data.PostgreeSQL.Services.SurveyService|(S): Response has been sent (GetAllMethod) |url: https://localhost/api/Survey/get-all|action: GetAll|CRUD_Example.Data.PostgreeSQL.Services.SurveyService.GetAll
2023-07-29 22:23:33.0432|0|INFO|CRUD_Example.Data.PostgreeSQL.Services.SurveyService|(S): Response has been sent (GetAllMethod) |url: https://localhost/api/Survey/get-all|action: GetAll|CRUD_Example.Data.PostgreeSQL.Services.SurveyService.GetAll
2023-07-29 22:23:35.5351|0|INFO|CRUD_Example.Data.PostgreeSQL.Services.SurveyService|(S): Response has been sent(GetByIdMethod) |url: https://localhost/api/Survey/get-by-id/24|action: GetById|CRUD_Example.Data.PostgreeSQL.Services.SurveyService.GetById
2023-07-29 22:23:35.5474|0|INFO|CRUD_Example.Data.PostgreeSQL.Services.SurveyService|(S): Response has been sent(GetByIdMethod) |url: https://localhost/api/Survey/get-by-id/24|action: GetById|CRUD_Example.Data.PostgreeSQL.Services.SurveyService.GetById
2023-07-29 22:23:37.8046|0|INFO|CRUD_Example.Data.PostgreeSQL.Services.SurveyService|(S): Response has been sent(GetByIdMethod) |url: https://localhost/api/Survey/get-by-id/24|action: GetById|CRUD_Example.Data.PostgreeSQL.Services.SurveyService.GetById
2023-07-29 22:23:37.8096|0|INFO|CRUD_Example.Data.PostgreeSQL.Services.SurveyService|(S): Response has been sent(GetByIdMethod) |url: https://localhost/api/Survey/get-by-id/24|action: GetById|CRUD_Example.Data.PostgreeSQL.Services.SurveyService.GetById
2023-07-29 22:24:14.5154|0|INFO|CRUD_Example.Data.PostgreeSQL.Services.SurveyService|(S): Response has been sent(GetByIdMethod) |url: https://localhost/api/Survey/get-by-id/24|action: GetById|CRUD_Example.Data.PostgreeSQL.Services.SurveyService.GetById
2023-07-29 22:24:14.5450|0|INFO|CRUD_Example.Data.PostgreeSQL.Services.SurveyService|(S): Response has been sent(GetByIdMethod) |url: https://localhost/api/Survey/get-by-id/24|action: GetById|CRUD_Example.Data.PostgreeSQL.Services.SurveyService.GetById
2023-07-29 22:24:16.4829|0|INFO|CRUD_Example.Data.PostgreeSQL.Services.SurveyService|(S): Response has been sent (GetAllMethod) |url: https://localhost/api/Survey/get-all|action: GetAll|CRUD_Example.Data.PostgreeSQL.Services.SurveyService.GetAll
2023-07-29 22:24:16.4959|0|INFO|CRUD_Example.Data.PostgreeSQL.Services.SurveyService|(S): Response has been sent (GetAllMethod) |url: https://localhost/api/Survey/get-all|action: GetAll|CRUD_Example.Data.PostgreeSQL.Services.SurveyService.GetAll
2023-07-29 22:24:18.3645|0|INFO|CRUD_Example.Data.PostgreeSQL.Services.SurveyService|(S): Response has been sent(GetByIdMethod) |url: https://localhost/api/Survey/get-by-id/24|action: GetById|CRUD_Example.Data.PostgreeSQL.Services.SurveyService.GetById
2023-07-29 22:24:18.3715|0|INFO|CRUD_Example.Data.PostgreeSQL.Services.SurveyService|(S): Response has been sent(GetByIdMethod) |url: https://localhost/api/Survey/get-by-id/24|action: GetById|CRUD_Example.Data.PostgreeSQL.Services.SurveyService.GetById
2023-07-29 22:24:20.7852|0|INFO|CRUD_Example.Data.PostgreeSQL.Services.SurveyService|(S): Response has been sent(GetByIdMethod) |url: https://localhost/api/Survey/get-by-id/24|action: GetById|CRUD_Example.Data.PostgreeSQL.Services.SurveyService.GetById
2023-07-29 22:24:20.7944|0|INFO|CRUD_Example.Data.PostgreeSQL.Services.SurveyService|(S): Response has been sent(GetByIdMethod) |url: https://localhost/api/Survey/get-by-id/24|action: GetById|CRUD_Example.Data.PostgreeSQL.Services.SurveyService.GetById
2023-07-29 22:24:41.1290|0|INFO|CRUD_Example.Data.PostgreeSQL.Services.SurveyService|(S): Response has been sent(GetByIdMethod) |url: https://localhost/api/Survey/get-by-id/24|action: GetById|CRUD_Example.Data.PostgreeSQL.Services.SurveyService.GetById
2023-07-29 22:24:41.1526|0|INFO|CRUD_Example.Data.PostgreeSQL.Services.SurveyService|(S): Response has been sent(GetByIdMethod) |url: https://localhost/api/Survey/get-by-id/24|action: GetById|CRUD_Example.Data.PostgreeSQL.Services.SurveyService.GetById
2023-07-29 22:27:35.2383|0|INFO|CRUD_Example.Data.PostgreeSQL.Services.SurveyService|(S): Response has been sent (GetAllMethod) |url: https://localhost/api/Survey/get-all|action: GetAll|CRUD_Example.Data.PostgreeSQL.Services.SurveyService.GetAll
2023-07-29 22:27:35.2627|0|INFO|CRUD_Example.Data.PostgreeSQL.Services.SurveyService|(S): Response has been sent (GetAllMethod) |url: https://localhost/api/Survey/get-all|action: GetAll|CRUD_Example.Data.PostgreeSQL.Services.SurveyService.GetAll
2023-07-29 22:27:37.3245|0|INFO|CRUD_Example.Data.PostgreeSQL.Services.SurveyService|(S): Response has been sent (GetAllMethod) |url: https://localhost/api/Survey/get-all|action: GetAll|CRUD_Example.Data.PostgreeSQL.Services.SurveyService.GetAll
2023-07-29 22:27:37.3702|0|INFO|CRUD_Example.Data.PostgreeSQL.Services.SurveyService|(S): Response has been sent (GetAllMethod) |url: https://localhost/api/Survey/get-all|action: GetAll|CRUD_Example.Data.PostgreeSQL.Services.SurveyService.GetAll
2023-07-29 22:27:40.6349|0|INFO|CRUD_Example.Data.PostgreeSQL.Services.SurveyService|(S): Response has been sent(GetByIdMethod) |url: https://localhost/api/Survey/get-by-id/24|action: GetById|CRUD_Example.Data.PostgreeSQL.Services.SurveyService.GetById
2023-07-29 22:27:40.6384|0|INFO|CRUD_Example.Data.PostgreeSQL.Services.SurveyService|(S): Response has been sent(GetByIdMethod) |url: https://localhost/api/Survey/get-by-id/24|action: GetById|CRUD_Example.Data.PostgreeSQL.Services.SurveyService.GetById
2023-07-29 22:27:42.9840|0|INFO|CRUD_Example.Data.PostgreeSQL.Services.SurveyService|(S): Response has been sent(GetByIdMethod) |url: https://localhost/api/Survey/get-by-id/24|action: GetById|CRUD_Example.Data.PostgreeSQL.Services.SurveyService.GetById
2023-07-29 22:27:42.9967|0|INFO|CRUD_Example.Data.PostgreeSQL.Services.SurveyService|(S): Response has been sent(GetByIdMethod) |url: https://localhost/api/Survey/get-by-id/24|action: GetById|CRUD_Example.Data.PostgreeSQL.Services.SurveyService.GetById
2023-07-29 22:28:46.4424|0|INFO|CRUD_Example.Data.PostgreeSQL.Services.SurveyService|(S): Response has been sent(GetByIdMethod) |url: https://localhost/api/Survey/get-by-id/24|action: GetById|CRUD_Example.Data.PostgreeSQL.Services.SurveyService.GetById
2023-07-29 22:28:46.5933|0|INFO|CRUD_Example.Data.PostgreeSQL.Services.SurveyService|(S): Response has been sent(GetByIdMethod) |url: https://localhost/api/Survey/get-by-id/24|action: GetById|CRUD_Example.Data.PostgreeSQL.Services.SurveyService.GetById
2023-07-29 22:34:55.0117|0|INFO|CRUD_Example.Data.PostgreeSQL.Services.SurveyService|(S): Response has been sent (GetAllMethod) |url: https://localhost/api/Survey/get-all|action: GetAll|CRUD_Example.Data.PostgreeSQL.Services.SurveyService.GetAll
2023-07-29 22:34:55.1371|0|INFO|CRUD_Example.Data.PostgreeSQL.Services.SurveyService|(S): Response has been sent (GetAllMethod) |url: https://localhost/api/Survey/get-all|action: GetAll|CRUD_Example.Data.PostgreeSQL.Services.SurveyService.GetAll
2023-07-29 22:34:56.6531|0|INFO|CRUD_Example.Data.PostgreeSQL.Services.SurveyService|(S): Response has been sent (GetAllMethod) |url: https://localhost/api/Survey/get-all|action: GetAll|CRUD_Example.Data.PostgreeSQL.Services.SurveyService.GetAll
2023-07-29 22:34:56.7285|0|INFO|CRUD_Example.Data.PostgreeSQL.Services.SurveyService|(S): Response has been sent (GetAllMethod) |url: https://localhost/api/Survey/get-all|action: GetAll|CRUD_Example.Data.PostgreeSQL.Services.SurveyService.GetAll
2023-07-29 22:34:58.7308|0|INFO|CRUD_Example.Data.PostgreeSQL.Services.SurveyService|(S): Response has been sent(GetByIdMethod) |url: https://localhost/api/Survey/get-by-id/24|action: GetById|CRUD_Example.Data.PostgreeSQL.Services.SurveyService.GetById
2023-07-29 22:34:58.7458|0|INFO|CRUD_Example.Data.PostgreeSQL.Services.SurveyService|(S): Response has been sent(GetByIdMethod) |url: https://localhost/api/Survey/get-by-id/24|action: GetById|CRUD_Example.Data.PostgreeSQL.Services.SurveyService.GetById
2023-07-29 22:35:01.3575|0|INFO|CRUD_Example.Data.PostgreeSQL.Services.SurveyService|(S): Response has been sent(GetByIdMethod) |url: https://localhost/api/Survey/get-by-id/24|action: GetById|CRUD_Example.Data.PostgreeSQL.Services.SurveyService.GetById
2023-07-29 22:35:01.3575|0|INFO|CRUD_Example.Data.PostgreeSQL.Services.SurveyService|(S): Response has been sent(GetByIdMethod) |url: https://localhost/api/Survey/get-by-id/24|action: GetById|CRUD_Example.Data.PostgreeSQL.Services.SurveyService.GetById
2023-07-29 22:35:59.1905|0|INFO|CRUD_Example.Data.PostgreeSQL.Services.SurveyService|(S): Response has been sent(GetByIdMethod) |url: https://localhost/api/Survey/get-by-id/24|action: GetById|CRUD_Example.Data.PostgreeSQL.Services.SurveyService.GetById
2023-07-29 22:35:59.2165|0|INFO|CRUD_Example.Data.PostgreeSQL.Services.SurveyService|(S): Response has been sent(GetByIdMethod) |url: https://localhost/api/Survey/get-by-id/24|action: GetById|CRUD_Example.Data.PostgreeSQL.Services.SurveyService.GetById
2023-07-29 22:36:10.3051|0|INFO|CRUD_Example.Data.PostgreeSQL.Services.SurveyService|(S): Response has been sent(GetByIdMethod) |url: https://localhost/api/Survey/get-by-id/24|action: GetById|CRUD_Example.Data.PostgreeSQL.Services.SurveyService.GetById
2023-07-29 22:36:10.3098|0|INFO|CRUD_Example.Data.PostgreeSQL.Services.SurveyService|(S): Response has been sent(GetByIdMethod) |url: https://localhost/api/Survey/get-by-id/24|action: GetById|CRUD_Example.Data.PostgreeSQL.Services.SurveyService.GetById
2023-07-29 22:38:12.4181|0|INFO|CRUD_Example.Data.PostgreeSQL.Services.SurveyService|(S): Response has been sent(GetByIdMethod) |url: https://localhost/api/Survey/get-by-id/24|action: GetById|CRUD_Example.Data.PostgreeSQL.Services.SurveyService.GetById
2023-07-29 22:38:12.4652|0|INFO|CRUD_Example.Data.PostgreeSQL.Services.SurveyService|(S): Response has been sent(GetByIdMethod) |url: https://localhost/api/Survey/get-by-id/24|action: GetById|CRUD_Example.Data.PostgreeSQL.Services.SurveyService.GetById
2023-07-29 22:42:03.1208|0|INFO|CRUD_Example.Data.PostgreeSQL.Services.SurveyService|(S): Response has been sent(GetByIdMethod) |url: https://localhost/api/Survey/get-by-id/24|action: GetById|CRUD_Example.Data.PostgreeSQL.Services.SurveyService.GetById
2023-07-29 22:42:03.2776|0|INFO|CRUD_Example.Data.PostgreeSQL.Services.SurveyService|(S): Response has been sent(GetByIdMethod) |url: https://localhost/api/Survey/get-by-id/24|action: GetById|CRUD_Example.Data.PostgreeSQL.Services.SurveyService.GetById
2023-07-29 22:42:05.4157|0|INFO|CRUD_Example.Data.PostgreeSQL.Services.SurveyService|(S): Response has been sent (GetAllMethod) |url: https://localhost/api/Survey/get-all|action: GetAll|CRUD_Example.Data.PostgreeSQL.Services.SurveyService.GetAll
2023-07-29 22:42:05.4187|0|INFO|CRUD_Example.Data.PostgreeSQL.Services.SurveyService|(S): Response has been sent (GetAllMethod) |url: https://localhost/api/Survey/get-all|action: GetAll|CRUD_Example.Data.PostgreeSQL.Services.SurveyService.GetAll
2023-07-29 22:42:06.7498|0|INFO|CRUD_Example.Data.PostgreeSQL.Services.SurveyService|(S): Response has been sent(GetByIdMethod) |url: https://localhost/api/Survey/get-by-id/1|action: GetById|CRUD_Example.Data.PostgreeSQL.Services.SurveyService.GetById
2023-07-29 22:42:06.7621|0|INFO|CRUD_Example.Data.PostgreeSQL.Services.SurveyService|(S): Response has been sent(GetByIdMethod) |url: https://localhost/api/Survey/get-by-id/1|action: GetById|CRUD_Example.Data.PostgreeSQL.Services.SurveyService.GetById
2023-07-29 22:42:08.2256|0|INFO|CRUD_Example.Data.PostgreeSQL.Services.SurveyService|(S): Response has been sent(GetByIdMethod) |url: https://localhost/api/Survey/get-by-id/1|action: GetById|CRUD_Example.Data.PostgreeSQL.Services.SurveyService.GetById
2023-07-29 22:42:08.2316|0|INFO|CRUD_Example.Data.PostgreeSQL.Services.SurveyService|(S): Response has been sent(GetByIdMethod) |url: https://localhost/api/Survey/get-by-id/1|action: GetById|CRUD_Example.Data.PostgreeSQL.Services.SurveyService.GetById
2023-07-29 22:42:10.4210|0|INFO|CRUD_Example.Data.PostgreeSQL.Services.SurveyService|(S): Response has been sent (GetAllMethod) |url: https://localhost/api/Survey/get-all|action: GetAll|CRUD_Example.Data.PostgreeSQL.Services.SurveyService.GetAll
2023-07-29 22:42:10.4210|0|INFO|CRUD_Example.Data.PostgreeSQL.Services.SurveyService|(S): Response has been sent (GetAllMethod) |url: https://localhost/api/Survey/get-all|action: GetAll|CRUD_Example.Data.PostgreeSQL.Services.SurveyService.GetAll
2023-07-29 22:42:11.7068|0|INFO|CRUD_Example.Data.PostgreeSQL.Services.SurveyService|(S): Response has been sent(GetByIdMethod) |url: https://localhost/api/Survey/get-by-id/24|action: GetById|CRUD_Example.Data.PostgreeSQL.Services.SurveyService.GetById
2023-07-29 22:42:11.7148|0|INFO|CRUD_Example.Data.PostgreeSQL.Services.SurveyService|(S): Response has been sent(GetByIdMethod) |url: https://localhost/api/Survey/get-by-id/24|action: GetById|CRUD_Example.Data.PostgreeSQL.Services.SurveyService.GetById
2023-07-29 22:42:14.6488|0|INFO|CRUD_Example.Data.PostgreeSQL.Services.SurveyService|(S): Response has been sent(GetByIdMethod) |url: https://localhost/api/Survey/get-by-id/24|action: GetById|CRUD_Example.Data.PostgreeSQL.Services.SurveyService.GetById
2023-07-29 22:42:14.6534|0|INFO|CRUD_Example.Data.PostgreeSQL.Services.SurveyService|(S): Response has been sent(GetByIdMethod) |url: https://localhost/api/Survey/get-by-id/24|action: GetById|CRUD_Example.Data.PostgreeSQL.Services.SurveyService.GetById
2023-07-29 22:43:50.1529|0|INFO|CRUD_Example.Data.PostgreeSQL.Services.SurveyService|(S): Response has been sent(GetByIdMethod) |url: https://localhost/api/Survey/get-by-id/24|action: GetById|CRUD_Example.Data.PostgreeSQL.Services.SurveyService.GetById
2023-07-29 22:43:50.1860|0|INFO|CRUD_Example.Data.PostgreeSQL.Services.SurveyService|(S): Response has been sent(GetByIdMethod) |url: https://localhost/api/Survey/get-by-id/24|action: GetById|CRUD_Example.Data.PostgreeSQL.Services.SurveyService.GetById
2023-07-29 22:44:26.2835|0|INFO|CRUD_Example.Data.PostgreeSQL.Services.SurveyService|(S): Response has been sent(GetByIdMethod) |url: https://localhost/api/Survey/get-by-id/24|action: GetById|CRUD_Example.Data.PostgreeSQL.Services.SurveyService.GetById
2023-07-29 22:44:26.3239|0|INFO|CRUD_Example.Data.PostgreeSQL.Services.SurveyService|(S): Response has been sent(GetByIdMethod) |url: https://localhost/api/Survey/get-by-id/24|action: GetById|CRUD_Example.Data.PostgreeSQL.Services.SurveyService.GetById
2023-07-29 22:45:54.0739|0|INFO|CRUD_Example.Data.PostgreeSQL.Services.SurveyService|(S): Response has been sent(GetByIdMethod) |url: https://localhost/api/Survey/get-by-id/24|action: GetById|CRUD_Example.Data.PostgreeSQL.Services.SurveyService.GetById
2023-07-29 22:45:54.0923|0|INFO|CRUD_Example.Data.PostgreeSQL.Services.SurveyService|(S): Response has been sent(GetByIdMethod) |url: https://localhost/api/Survey/get-by-id/24|action: GetById|CRUD_Example.Data.PostgreeSQL.Services.SurveyService.GetById
2023-07-29 22:50:39.0466|0|INFO|CRUD_Example.Data.PostgreeSQL.Services.SurveyService|(S): Response has been sent(GetByIdMethod) |url: https://localhost/api/Survey/get-by-id/24|action: GetById|CRUD_Example.Data.PostgreeSQL.Services.SurveyService.GetById
2023-07-29 22:50:39.2467|0|INFO|CRUD_Example.Data.PostgreeSQL.Services.SurveyService|(S): Response has been sent(GetByIdMethod) |url: https://localhost/api/Survey/get-by-id/24|action: GetById|CRUD_Example.Data.PostgreeSQL.Services.SurveyService.GetById
2023-07-29 23:04:51.4523|0|INFO|CRUD_Example.Data.PostgreeSQL.Services.SurveyService|(S): Response has been sent(GetByIdMethod) |url: https://localhost/api/Survey/get-by-id/24|action: GetById|CRUD_Example.Data.PostgreeSQL.Services.SurveyService.GetById
2023-07-29 23:04:51.6688|0|INFO|CRUD_Example.Data.PostgreeSQL.Services.SurveyService|(S): Response has been sent(GetByIdMethod) |url: https://localhost/api/Survey/get-by-id/24|action: GetById|CRUD_Example.Data.PostgreeSQL.Services.SurveyService.GetById
2023-07-29 23:05:38.5613|0|INFO|CRUD_Example.Data.PostgreeSQL.Services.SurveyService|(S): Response has been sent(GetByIdMethod) |url: https://localhost/api/Survey/get-by-id/24|action: GetById|CRUD_Example.Data.PostgreeSQL.Services.SurveyService.GetById
2023-07-29 23:05:38.6213|0|INFO|CRUD_Example.Data.PostgreeSQL.Services.SurveyService|(S): Response has been sent(GetByIdMethod) |url: https://localhost/api/Survey/get-by-id/24|action: GetById|CRUD_Example.Data.PostgreeSQL.Services.SurveyService.GetById
2023-07-29 23:05:58.4805|0|INFO|CRUD_Example.Data.PostgreeSQL.Services.SurveyService|(S): Response has been sent(GetByIdMethod) |url: https://localhost/api/Survey/get-by-id/24|action: GetById|CRUD_Example.Data.PostgreeSQL.Services.SurveyService.GetById
2023-07-29 23:05:58.4987|0|INFO|CRUD_Example.Data.PostgreeSQL.Services.SurveyService|(S): Response has been sent(GetByIdMethod) |url: https://localhost/api/Survey/get-by-id/24|action: GetById|CRUD_Example.Data.PostgreeSQL.Services.SurveyService.GetById
2023-07-29 23:17:31.4027|0|INFO|CRUD_Example.Data.PostgreeSQL.Services.SurveyService|(S): Response has been sent (GetAllMethod) |url: https://localhost/api/Survey/get-all|action: GetAll|CRUD_Example.Data.PostgreeSQL.Services.SurveyService.GetAll
2023-07-29 23:17:31.5590|0|INFO|CRUD_Example.Data.PostgreeSQL.Services.SurveyService|(S): Response has been sent (GetAllMethod) |url: https://localhost/api/Survey/get-all|action: GetAll|CRUD_Example.Data.PostgreeSQL.Services.SurveyService.GetAll
2023-07-29 23:17:33.2988|0|INFO|CRUD_Example.Data.PostgreeSQL.Services.SurveyService|(S): Response has been sent(GetByIdMethod) |url: https://localhost/api/Survey/get-by-id/24|action: GetById|CRUD_Example.Data.PostgreeSQL.Services.SurveyService.GetById
2023-07-29 23:17:33.3098|0|INFO|CRUD_Example.Data.PostgreeSQL.Services.SurveyService|(S): Response has been sent(GetByIdMethod) |url: https://localhost/api/Survey/get-by-id/24|action: GetById|CRUD_Example.Data.PostgreeSQL.Services.SurveyService.GetById
2023-07-29 23:17:36.3279|0|INFO|CRUD_Example.Data.PostgreeSQL.Services.SurveyService|(S): Response has been sent(GetByIdMethod) |url: https://localhost/api/Survey/get-by-id/24|action: GetById|CRUD_Example.Data.PostgreeSQL.Services.SurveyService.GetById
2023-07-29 23:17:36.3433|0|INFO|CRUD_Example.Data.PostgreeSQL.Services.SurveyService|(S): Response has been sent(GetByIdMethod) |url: https://localhost/api/Survey/get-by-id/24|action: GetById|CRUD_Example.Data.PostgreeSQL.Services.SurveyService.GetById
2023-07-29 23:24:12.5204|0|INFO|CRUD_Example.Data.PostgreeSQL.Services.SurveyService|(S): Response has been sent (AddEntity method) |url: https://localhost/api/Survey/add-entity|action: AddEntity|CRUD_Example.Data.PostgreeSQL.Services.SurveyService.AddEntity
2023-07-29 23:24:13.7363|0|INFO|CRUD_Example.Data.PostgreeSQL.Services.SurveyService|(S): Response has been sent (GetAllMethod) |url: https://localhost/api/Survey/get-all|action: GetAll|CRUD_Example.Data.PostgreeSQL.Services.SurveyService.GetAll
2023-07-29 23:24:13.7803|0|INFO|CRUD_Example.Data.PostgreeSQL.Services.SurveyService|(S): Response has been sent (GetAllMethod) |url: https://localhost/api/Survey/get-all|action: GetAll|CRUD_Example.Data.PostgreeSQL.Services.SurveyService.GetAll
2023-07-29 23:24:15.4294|0|INFO|CRUD_Example.Data.PostgreeSQL.Services.SurveyService|(S): Response has been sent(GetByIdMethod) |url: https://localhost/api/Survey/get-by-id/25|action: GetById|CRUD_Example.Data.PostgreeSQL.Services.SurveyService.GetById
2023-07-29 23:24:15.4345|0|INFO|CRUD_Example.Data.PostgreeSQL.Services.SurveyService|(S): Response has been sent(GetByIdMethod) |url: https://localhost/api/Survey/get-by-id/25|action: GetById|CRUD_Example.Data.PostgreeSQL.Services.SurveyService.GetById
2023-07-29 23:24:27.3114|0|INFO|CRUD_Example.Data.PostgreeSQL.Services.SurveyService|(S): Response has been sent (GetAllMethod) |url: https://localhost/api/Survey/get-all|action: GetAll|CRUD_Example.Data.PostgreeSQL.Services.SurveyService.GetAll
2023-07-29 23:24:27.3274|0|INFO|CRUD_Example.Data.PostgreeSQL.Services.SurveyService|(S): Response has been sent (GetAllMethod) |url: https://localhost/api/Survey/get-all|action: GetAll|CRUD_Example.Data.PostgreeSQL.Services.SurveyService.GetAll
2023-07-29 23:24:29.6866|0|INFO|CRUD_Example.Data.PostgreeSQL.Services.SurveyService|(S): Response has been sent(GetByIdMethod) |url: https://localhost/api/Survey/get-by-id/25|action: GetById|CRUD_Example.Data.PostgreeSQL.Services.SurveyService.GetById
2023-07-29 23:24:29.6990|0|INFO|CRUD_Example.Data.PostgreeSQL.Services.SurveyService|(S): Response has been sent(GetByIdMethod) |url: https://localhost/api/Survey/get-by-id/25|action: GetById|CRUD_Example.Data.PostgreeSQL.Services.SurveyService.GetById
2023-07-29 23:24:34.6059|0|INFO|CRUD_Example.Data.PostgreeSQL.Services.SurveyService|(S): Response has been sent(GetByIdMethod) |url: https://localhost/api/Survey/get-by-id/25|action: GetById|CRUD_Example.Data.PostgreeSQL.Services.SurveyService.GetById
2023-07-29 23:24:34.6059|0|INFO|CRUD_Example.Data.PostgreeSQL.Services.SurveyService|(S): Response has been sent(GetByIdMethod) |url: https://localhost/api/Survey/get-by-id/25|action: GetById|CRUD_Example.Data.PostgreeSQL.Services.SurveyService.GetById
