2023-06-10 19:46:56.4592|0|INFO|CRUD_Example.WEB_API|Log |url: |action: |Program.<Main>$
2023-06-10 19:46:58.0790|0|INFO|Microsoft.Hosting.Lifetime|Application started. Press Ctrl+C to shut down. |url: |action: |Microsoft.Extensions.Hosting.Internal.ConsoleLifetime.OnApplicationStarted
2023-06-10 19:46:58.1282|0|INFO|Microsoft.Hosting.Lifetime|Hosting environment: Development |url: |action: |Microsoft.Extensions.Hosting.Internal.ConsoleLifetime.OnApplicationStarted
2023-06-10 19:46:58.1282|0|INFO|Microsoft.Hosting.Lifetime|Content root path: D:\codes\C#\TPr\ASP.NET_CRUD_Example\CRUD_Example_BACKEND |url: |action: |Microsoft.Extensions.Hosting.Internal.ApplicationLifetime.NotifyStarted
2023-06-10 19:47:13.8542|0|INFO|CRUD_Example.Data.PostgreeSQL.Services.SurveyService|(S): Response has been sent (GetAllMethod) |url: https://localhost/api/Survey/get-all|action: GetAll|CRUD_Example.Data.PostgreeSQL.Services.SurveyService.GetAll
2023-06-10 19:47:22.9301|0|INFO|CRUD_Example.Data.PostgreeSQL.Services.SurveyService|(S): Response has been sent (GetAllMethod) |url: https://localhost/api/Survey/get-all|action: GetAll|CRUD_Example.Data.PostgreeSQL.Services.SurveyService.GetAll
2023-06-10 19:47:22.9930|0|INFO|CRUD_Example.Data.PostgreeSQL.Services.SurveyService|(S): Response has been sent (GetAllMethod) |url: https://localhost/api/Survey/get-all|action: GetAll|CRUD_Example.Data.PostgreeSQL.Services.SurveyService.GetAll
2023-06-10 19:47:26.3558|0|INFO|CRUD_Example.Data.PostgreeSQL.Services.SurveyService|(S): Response has been sent(GetByIdMethod) |url: https://localhost/api/Survey/get-by-id/1|action: GetById|CRUD_Example.Data.PostgreeSQL.Services.SurveyService.GetById
2023-06-10 19:47:26.4434|0|INFO|CRUD_Example.Data.PostgreeSQL.Services.SurveyService|(S): Response has been sent(GetByIdMethod) |url: https://localhost/api/Survey/get-by-id/1|action: GetById|CRUD_Example.Data.PostgreeSQL.Services.SurveyService.GetById
2023-06-10 19:47:53.1702|0|INFO|CRUD_Example.Data.PostgreeSQL.Services.SurveyService|(S): Response has been sent(GetByIdMethod) |url: https://localhost/api/Survey/get-by-id/1|action: GetById|CRUD_Example.Data.PostgreeSQL.Services.SurveyService.GetById
2023-06-10 19:47:53.2195|0|INFO|CRUD_Example.Data.PostgreeSQL.Services.SurveyService|(S): Response has been sent(GetByIdMethod) |url: https://localhost/api/Survey/get-by-id/1|action: GetById|CRUD_Example.Data.PostgreeSQL.Services.SurveyService.GetById
2023-06-10 19:49:12.0108|0|INFO|CRUD_Example.Data.PostgreeSQL.Services.SurveyService|(S): Response has been sent(GetByIdMethod) |url: https://localhost/api/Survey/get-by-id/1|action: GetById|CRUD_Example.Data.PostgreeSQL.Services.SurveyService.GetById
2023-06-10 19:49:12.0681|0|INFO|CRUD_Example.Data.PostgreeSQL.Services.SurveyService|(S): Response has been sent(GetByIdMethod) |url: https://localhost/api/Survey/get-by-id/1|action: GetById|CRUD_Example.Data.PostgreeSQL.Services.SurveyService.GetById
2023-06-10 19:49:19.1166|0|INFO|CRUD_Example.Data.PostgreeSQL.Services.SurveyService|(S): Response has been sent (GetAllMethod) |url: https://localhost/api/Survey/get-all|action: GetAll|CRUD_Example.Data.PostgreeSQL.Services.SurveyService.GetAll
2023-06-10 19:49:19.1222|0|INFO|CRUD_Example.Data.PostgreeSQL.Services.SurveyService|(S): Response has been sent (GetAllMethod) |url: https://localhost/api/Survey/get-all|action: GetAll|CRUD_Example.Data.PostgreeSQL.Services.SurveyService.GetAll
2023-06-10 19:49:20.5415|0|INFO|CRUD_Example.Data.PostgreeSQL.Services.SurveyService|(S): Response has been sent(GetByIdMethod) |url: https://localhost/api/Survey/get-by-id/3|action: GetById|CRUD_Example.Data.PostgreeSQL.Services.SurveyService.GetById
2023-06-10 19:49:20.5544|0|INFO|CRUD_Example.Data.PostgreeSQL.Services.SurveyService|(S): Response has been sent(GetByIdMethod) |url: https://localhost/api/Survey/get-by-id/3|action: GetById|CRUD_Example.Data.PostgreeSQL.Services.SurveyService.GetById
2023-06-10 19:51:19.2741|0|INFO|CRUD_Example.Data.PostgreeSQL.Services.SurveyService|(S): Response has been sent(GetByIdMethod) |url: https://localhost/api/Survey/get-by-id/3|action: GetById|CRUD_Example.Data.PostgreeSQL.Services.SurveyService.GetById
2023-06-10 19:51:19.3060|0|INFO|CRUD_Example.Data.PostgreeSQL.Services.SurveyService|(S): Response has been sent(GetByIdMethod) |url: https://localhost/api/Survey/get-by-id/3|action: GetById|CRUD_Example.Data.PostgreeSQL.Services.SurveyService.GetById
2023-06-10 19:52:11.5847|0|INFO|CRUD_Example.Data.PostgreeSQL.Services.SurveyService|(S): Response has been sent(GetByIdMethod) |url: https://localhost/api/Survey/get-by-id/3|action: GetById|CRUD_Example.Data.PostgreeSQL.Services.SurveyService.GetById
2023-06-10 19:52:11.6329|0|INFO|CRUD_Example.Data.PostgreeSQL.Services.SurveyService|(S): Response has been sent(GetByIdMethod) |url: https://localhost/api/Survey/get-by-id/3|action: GetById|CRUD_Example.Data.PostgreeSQL.Services.SurveyService.GetById
2023-06-10 19:55:13.1158|0|INFO|CRUD_Example.Data.PostgreeSQL.Services.SurveyService|(S): Response has been sent(GetByIdMethod) |url: https://localhost/api/Survey/get-by-id/3|action: GetById|CRUD_Example.Data.PostgreeSQL.Services.SurveyService.GetById
2023-06-10 19:55:13.3021|0|INFO|CRUD_Example.Data.PostgreeSQL.Services.SurveyService|(S): Response has been sent(GetByIdMethod) |url: https://localhost/api/Survey/get-by-id/3|action: GetById|CRUD_Example.Data.PostgreeSQL.Services.SurveyService.GetById
2023-06-10 19:56:04.2125|0|INFO|CRUD_Example.Data.PostgreeSQL.Services.SurveyService|(S): Response has been sent(GetByIdMethod) |url: https://localhost/api/Survey/get-by-id/3|action: GetById|CRUD_Example.Data.PostgreeSQL.Services.SurveyService.GetById
2023-06-10 19:56:04.2416|0|INFO|CRUD_Example.Data.PostgreeSQL.Services.SurveyService|(S): Response has been sent(GetByIdMethod) |url: https://localhost/api/Survey/get-by-id/3|action: GetById|CRUD_Example.Data.PostgreeSQL.Services.SurveyService.GetById
2023-06-10 19:56:25.8901|0|INFO|CRUD_Example.Data.PostgreeSQL.Services.SurveyService|(S): Response has been sent(GetByIdMethod) |url: https://localhost/api/Survey/get-by-id/3|action: GetById|CRUD_Example.Data.PostgreeSQL.Services.SurveyService.GetById
2023-06-10 19:56:25.9369|0|INFO|CRUD_Example.Data.PostgreeSQL.Services.SurveyService|(S): Response has been sent(GetByIdMethod) |url: https://localhost/api/Survey/get-by-id/3|action: GetById|CRUD_Example.Data.PostgreeSQL.Services.SurveyService.GetById
2023-06-10 19:58:47.6540|0|INFO|CRUD_Example.Data.PostgreeSQL.Services.SurveyService|(S): Response has been sent(GetByIdMethod) |url: https://localhost/api/Survey/get-by-id/3|action: GetById|CRUD_Example.Data.PostgreeSQL.Services.SurveyService.GetById
2023-06-10 19:58:47.6852|0|INFO|CRUD_Example.Data.PostgreeSQL.Services.SurveyService|(S): Response has been sent(GetByIdMethod) |url: https://localhost/api/Survey/get-by-id/3|action: GetById|CRUD_Example.Data.PostgreeSQL.Services.SurveyService.GetById
2023-06-10 20:07:40.1884|0|INFO|CRUD_Example.Data.PostgreeSQL.Services.SurveyService|(S): Response has been sent(GetByIdMethod) |url: https://localhost/api/Survey/get-by-id/3|action: GetById|CRUD_Example.Data.PostgreeSQL.Services.SurveyService.GetById
2023-06-10 20:07:40.3707|0|INFO|CRUD_Example.Data.PostgreeSQL.Services.SurveyService|(S): Response has been sent(GetByIdMethod) |url: https://localhost/api/Survey/get-by-id/3|action: GetById|CRUD_Example.Data.PostgreeSQL.Services.SurveyService.GetById
2023-06-10 20:17:14.1833|0|INFO|CRUD_Example.Data.PostgreeSQL.Services.SurveyService|(S): Response has been sent(GetByIdMethod) |url: https://localhost/api/Survey/get-by-id/3|action: GetById|CRUD_Example.Data.PostgreeSQL.Services.SurveyService.GetById
2023-06-10 20:17:14.3819|0|INFO|CRUD_Example.Data.PostgreeSQL.Services.SurveyService|(S): Response has been sent(GetByIdMethod) |url: https://localhost/api/Survey/get-by-id/3|action: GetById|CRUD_Example.Data.PostgreeSQL.Services.SurveyService.GetById
2023-06-10 20:17:29.6845|0|INFO|CRUD_Example.Data.PostgreeSQL.Services.SurveyService|(S): Response has been sent (GetAllMethod) |url: https://localhost/api/Survey/get-all|action: GetAll|CRUD_Example.Data.PostgreeSQL.Services.SurveyService.GetAll
2023-06-10 20:17:29.6845|0|INFO|CRUD_Example.Data.PostgreeSQL.Services.SurveyService|(S): Response has been sent (GetAllMethod) |url: https://localhost/api/Survey/get-all|action: GetAll|CRUD_Example.Data.PostgreeSQL.Services.SurveyService.GetAll
2023-06-10 20:17:31.1298|0|INFO|CRUD_Example.Data.PostgreeSQL.Services.SurveyService|(S): Response has been sent(GetByIdMethod) |url: https://localhost/api/Survey/get-by-id/1|action: GetById|CRUD_Example.Data.PostgreeSQL.Services.SurveyService.GetById
2023-06-10 20:17:31.1351|0|INFO|CRUD_Example.Data.PostgreeSQL.Services.SurveyService|(S): Response has been sent(GetByIdMethod) |url: https://localhost/api/Survey/get-by-id/1|action: GetById|CRUD_Example.Data.PostgreeSQL.Services.SurveyService.GetById
2023-06-10 20:17:35.3847|0|INFO|CRUD_Example.Data.PostgreeSQL.Services.SurveyService|(S): Response has been sent (GetAllMethod) |url: https://localhost/api/Survey/get-all|action: GetAll|CRUD_Example.Data.PostgreeSQL.Services.SurveyService.GetAll
2023-06-10 20:17:35.3847|0|INFO|CRUD_Example.Data.PostgreeSQL.Services.SurveyService|(S): Response has been sent (GetAllMethod) |url: https://localhost/api/Survey/get-all|action: GetAll|CRUD_Example.Data.PostgreeSQL.Services.SurveyService.GetAll
2023-06-10 20:17:36.7355|0|INFO|CRUD_Example.Data.PostgreeSQL.Services.SurveyService|(S): Response has been sent(GetByIdMethod) |url: https://localhost/api/Survey/get-by-id/8|action: GetById|CRUD_Example.Data.PostgreeSQL.Services.SurveyService.GetById
2023-06-10 20:17:36.7443|0|INFO|CRUD_Example.Data.PostgreeSQL.Services.SurveyService|(S): Response has been sent(GetByIdMethod) |url: https://localhost/api/Survey/get-by-id/8|action: GetById|CRUD_Example.Data.PostgreeSQL.Services.SurveyService.GetById
2023-06-10 20:18:35.9599|0|INFO|CRUD_Example.Data.PostgreeSQL.Services.SurveyService|(S): Response has been sent (GetAllMethod) |url: https://localhost/api/Survey/get-all|action: GetAll|CRUD_Example.Data.PostgreeSQL.Services.SurveyService.GetAll
2023-06-10 20:18:35.9951|0|INFO|CRUD_Example.Data.PostgreeSQL.Services.SurveyService|(S): Response has been sent (GetAllMethod) |url: https://localhost/api/Survey/get-all|action: GetAll|CRUD_Example.Data.PostgreeSQL.Services.SurveyService.GetAll
2023-06-10 20:21:29.9665|0|INFO|CRUD_Example.Data.PostgreeSQL.Services.SurveyService|(S): Response has been sent (GetAllMethod) |url: https://localhost/api/Survey/get-all|action: GetAll|CRUD_Example.Data.PostgreeSQL.Services.SurveyService.GetAll
2023-06-10 20:21:30.0105|0|INFO|CRUD_Example.Data.PostgreeSQL.Services.SurveyService|(S): Response has been sent (GetAllMethod) |url: https://localhost/api/Survey/get-all|action: GetAll|CRUD_Example.Data.PostgreeSQL.Services.SurveyService.GetAll
2023-06-10 20:21:32.2382|0|INFO|CRUD_Example.Data.PostgreeSQL.Services.SurveyService|(S): Response has been sent(GetByIdMethod) |url: https://localhost/api/Survey/get-by-id/7|action: GetById|CRUD_Example.Data.PostgreeSQL.Services.SurveyService.GetById
2023-06-10 20:21:32.2409|0|INFO|CRUD_Example.Data.PostgreeSQL.Services.SurveyService|(S): Response has been sent(GetByIdMethod) |url: https://localhost/api/Survey/get-by-id/7|action: GetById|CRUD_Example.Data.PostgreeSQL.Services.SurveyService.GetById
2023-06-10 20:21:37.3603|0|INFO|CRUD_Example.Data.PostgreeSQL.Services.SurveyService|(S): Response has been sent (GetAllMethod) |url: https://localhost/api/Survey/get-all|action: GetAll|CRUD_Example.Data.PostgreeSQL.Services.SurveyService.GetAll
2023-06-10 20:21:37.3660|0|INFO|CRUD_Example.Data.PostgreeSQL.Services.SurveyService|(S): Response has been sent (GetAllMethod) |url: https://localhost/api/Survey/get-all|action: GetAll|CRUD_Example.Data.PostgreeSQL.Services.SurveyService.GetAll
2023-06-10 20:21:38.7552|0|INFO|CRUD_Example.Data.PostgreeSQL.Services.SurveyService|(S): Response has been sent(GetByIdMethod) |url: https://localhost/api/Survey/get-by-id/5|action: GetById|CRUD_Example.Data.PostgreeSQL.Services.SurveyService.GetById
2023-06-10 20:21:38.7579|0|INFO|CRUD_Example.Data.PostgreeSQL.Services.SurveyService|(S): Response has been sent(GetByIdMethod) |url: https://localhost/api/Survey/get-by-id/5|action: GetById|CRUD_Example.Data.PostgreeSQL.Services.SurveyService.GetById
2023-06-10 21:28:17.5265|0|INFO|CRUD_Example.Data.PostgreeSQL.Services.SurveyService|(S): Response has been sent(GetByIdMethod) |url: https://localhost/api/Survey/get-by-id/3|action: GetById|CRUD_Example.Data.PostgreeSQL.Services.SurveyService.GetById
